11/08/2019 01:03:28 a.m. joni intentó dupear oro.)

11/08/2019 02:43:12 p.m. pepe intentó dupear oro.)

11/08/2019 10:58:14 p.m. pepe intentó dupear oro.)

14/08/2019 02:02:21 a.m. xXx intentó dupear oro.)

14/08/2019 08:55:28 p.m. PASTA BASE intentó dupear oro.)

14/08/2019 08:55:51 p.m. PASTA BASE intentó dupear oro.)

14/08/2019 08:56:26 p.m. PASTA BASE intentó dupear oro.)

14/08/2019 10:41:59 p.m. PASTA BASE intentó dupear oro.)

14/08/2019 10:42:08 p.m. PASTA BASE intentó dupear oro.)

14/08/2019 10:42:08 p.m. PASTA BASE intentó dupear oro.)

14/08/2019 10:42:09 p.m. PASTA BASE intentó dupear oro.)

14/08/2019 10:42:11 p.m. PASTA BASE intentó dupear oro.)

14/08/2019 10:42:11 p.m. PASTA BASE intentó dupear oro.)

14/08/2019 10:42:11 p.m. PASTA BASE intentó dupear oro.)

14/08/2019 10:42:12 p.m. PASTA BASE intentó dupear oro.)

14/08/2019 10:42:12 p.m. PASTA BASE intentó dupear oro.)

14/08/2019 10:42:12 p.m. PASTA BASE intentó dupear oro.)

14/08/2019 10:42:15 p.m. PASTA BASE intentó dupear oro.)

14/08/2019 10:42:15 p.m. PASTA BASE intentó dupear oro.)

14/08/2019 10:42:16 p.m. PASTA BASE intentó dupear oro.)

14/08/2019 10:42:17 p.m. PASTA BASE intentó dupear oro.)

14/08/2019 10:42:17 p.m. PASTA BASE intentó dupear oro.)

14/08/2019 10:42:18 p.m. PASTA BASE intentó dupear oro.)

14/08/2019 10:42:18 p.m. PASTA BASE intentó dupear oro.)

14/08/2019 10:42:19 p.m. PASTA BASE intentó dupear oro.)

14/08/2019 10:42:20 p.m. PASTA BASE intentó dupear oro.)

14/08/2019 10:44:16 p.m. xXx intentó dupear oro.)

14/08/2019 10:44:48 p.m. PASTA BASE intentó dupear oro.)

14/08/2019 10:44:51 p.m. PASTA BASE intentó dupear oro.)

14/08/2019 10:44:52 p.m. PASTA BASE intentó dupear oro.)

14/08/2019 10:44:54 p.m. PASTA BASE intentó dupear oro.)

14/08/2019 10:44:54 p.m. PASTA BASE intentó dupear oro.)

14/08/2019 11:08:56 p.m. xXx intentó dupear oro.)

14/08/2019 11:09:41 p.m. xXx intentó dupear oro.)

15/08/2019 01:29:31 a.m. NORDICO intentó dupear oro.)

15/08/2019 05:00:18 p.m. xXx intentó dupear oro.)

15/08/2019 05:14:27 p.m. xXx intentó dupear oro.)

17/08/2019 04:06:44 p.m. xXx intentó dupear oro.)

17/08/2019 04:20:27 p.m. xXx intentó dupear oro.)

17/08/2019 10:35:32 p.m. xXx intentó dupear oro.)

18/08/2019 12:08:36 a.m. xXx intentó dupear oro.)

18/08/2019 12:08:37 a.m. xXx intentó dupear oro.)

18/08/2019 12:08:38 a.m. xXx intentó dupear oro.)

18/08/2019 12:08:41 a.m. xXx intentó dupear oro.)

18/08/2019 04:13:20 p.m. PASTA BASE intentó dupear oro.)

18/08/2019 04:13:21 p.m. PASTA BASE intentó dupear oro.)

18/08/2019 04:13:21 p.m. PASTA BASE intentó dupear oro.)

18/08/2019 04:13:24 p.m. PASTA BASE intentó dupear oro.)

18/08/2019 04:13:25 p.m. PASTA BASE intentó dupear oro.)

18/08/2019 04:13:25 p.m. PASTA BASE intentó dupear oro.)

18/08/2019 04:13:26 p.m. PASTA BASE intentó dupear oro.)

18/08/2019 04:13:27 p.m. PASTA BASE intentó dupear oro.)

18/08/2019 04:13:27 p.m. PASTA BASE intentó dupear oro.)

18/08/2019 04:13:28 p.m. PASTA BASE intentó dupear oro.)

18/08/2019 04:13:29 p.m. PASTA BASE intentó dupear oro.)

18/08/2019 04:13:30 p.m. PASTA BASE intentó dupear oro.)

18/08/2019 04:13:30 p.m. PASTA BASE intentó dupear oro.)

18/08/2019 04:13:30 p.m. PASTA BASE intentó dupear oro.)

18/08/2019 04:13:32 p.m. PASTA BASE intentó dupear oro.)

18/08/2019 04:13:33 p.m. PASTA BASE intentó dupear oro.)

18/08/2019 04:13:34 p.m. PASTA BASE intentó dupear oro.)

18/08/2019 04:13:35 p.m. PASTA BASE intentó dupear oro.)

18/08/2019 04:13:35 p.m. PASTA BASE intentó dupear oro.)

18/08/2019 04:13:35 p.m. PASTA BASE intentó dupear oro.)

18/08/2019 04:13:36 p.m. PASTA BASE intentó dupear oro.)

18/08/2019 04:13:37 p.m. PASTA BASE intentó dupear oro.)

18/08/2019 04:13:37 p.m. PASTA BASE intentó dupear oro.)

18/08/2019 04:13:38 p.m. PASTA BASE intentó dupear oro.)

18/08/2019 04:13:38 p.m. PASTA BASE intentó dupear oro.)

18/08/2019 04:13:39 p.m. PASTA BASE intentó dupear oro.)

18/08/2019 04:13:39 p.m. PASTA BASE intentó dupear oro.)

18/08/2019 04:13:39 p.m. PASTA BASE intentó dupear oro.)

18/08/2019 04:13:43 p.m. PASTA BASE intentó dupear oro.)

18/08/2019 04:13:44 p.m. PASTA BASE intentó dupear oro.)

18/08/2019 04:13:44 p.m. PASTA BASE intentó dupear oro.)

18/08/2019 04:13:45 p.m. PASTA BASE intentó dupear oro.)

18/08/2019 04:13:46 p.m. PASTA BASE intentó dupear oro.)

18/08/2019 04:13:46 p.m. PASTA BASE intentó dupear oro.)

18/08/2019 04:13:46 p.m. PASTA BASE intentó dupear oro.)

18/08/2019 04:13:47 p.m. PASTA BASE intentó dupear oro.)

18/08/2019 04:13:47 p.m. PASTA BASE intentó dupear oro.)

18/08/2019 04:13:49 p.m. PASTA BASE intentó dupear oro.)

18/08/2019 04:13:50 p.m. PASTA BASE intentó dupear oro.)

18/08/2019 04:13:51 p.m. PASTA BASE intentó dupear oro.)

18/08/2019 04:41:04 p.m. PASTA BASE intentó dupear oro.)

19/08/2019 12:23:18 a.m. NUTELLA intentó dupear oro.)

19/08/2019 01:39:56 a.m. xXx intentó dupear oro.)

19/08/2019 02:31:37 a.m. HEWDON intentó dupear oro.)

19/08/2019 02:31:39 a.m. HEWDON intentó dupear oro.)

19/08/2019 11:25:54 a.m. Nano intentó dupear oro.)

19/08/2019 05:00:42 p.m. snOw intentó dupear oro.)

19/08/2019 05:00:42 p.m. snOw intentó dupear oro.)

19/08/2019 05:04:51 p.m. SNOW intentó dupear oro.)

19/08/2019 05:04:51 p.m. SNOW intentó dupear oro.)

19/08/2019 05:04:51 p.m. SNOW intentó dupear oro.)

19/08/2019 05:04:52 p.m. SNOW intentó dupear oro.)

19/08/2019 11:36:37 p.m. Hwar intentó dupear oro.)

19/08/2019 11:52:55 p.m. xXx intentó dupear oro.)

19/08/2019 11:52:55 p.m. xXx intentó dupear oro.)

20/08/2019 01:47:58 a.m. MCTHEMX RLZ intentó dupear oro.)

20/08/2019 03:34:22 p.m. Trazhi intentó dupear oro.)

20/08/2019 10:32:20 p.m. SNOW intentó dupear oro.)

20/08/2019 10:32:21 p.m. SNOW intentó dupear oro.)

21/08/2019 07:15:19 p.m. Nahuelon intentó dupear oro.)

23/08/2019 01:34:48 a.m. SNOW intentó dupear oro.)

23/08/2019 04:39:52 p.m. hansik intentó dupear oro.)

24/08/2019 01:44:04 a.m. HUMAN intentó dupear oro.)

24/08/2019 01:44:15 a.m. HUMAN intentó dupear oro.)

24/08/2019 01:44:16 a.m. HUMAN intentó dupear oro.)

24/08/2019 03:31:35 p.m. MUZZA intentó dupear oro.)

24/8/2019 17:05:28 HiNATA intentó dupear oro.)

24/8/2019 21:22:59 HiNATA intentó dupear oro.)

25/8/2019 00:48:45 JUGAtE ALGO intentó dupear oro.)

25/8/2019 01:12:59 DRAG intentó dupear oro.)

25/8/2019 20:25:05 muzza intentó dupear oro.)

25/8/2019 22:46:07 askerosa intentó dupear oro.)

25/8/2019 23:00:58 Drag intentó dupear oro.)

26/08/2019 07:12:46 p.m. REc To intentó dupear oro.)

26/08/2019 11:12:34 p.m. HUM intentó dupear oro.)

26/08/2019 11:12:37 p.m. HUM intentó dupear oro.)

27/08/2019 12:24:09 a.m. PASTA BASE intentó dupear oro.)

27/08/2019 02:03:14 p.m. DhiWalA intentó dupear oro.)

27/08/2019 02:16:46 p.m. HiNATA intentó dupear oro.)

27/08/2019 02:38:00 p.m. KALIBUR intentó dupear oro.)

27/08/2019 11:37:12 p.m. Ghost intentó dupear oro.)

29/08/2019 01:05:32 a.m. oo intentó dupear oro.)

29/08/2019 01:05:34 a.m. oo intentó dupear oro.)

29/08/2019 09:39:57 p.m. HitTANA intentó dupear oro.)

31/08/2019 08:39:22 a.m. lilyen intentó dupear oro.)

4/9/2019 01:43:39 xXx intentó dupear oro.)

4/9/2019 02:16:29 xXx intentó dupear oro.)

4/9/2019 02:16:40 xXx intentó dupear oro.)

4/9/2019 02:23:21 xxx intentó dupear oro.)

4/9/2019 02:23:22 xxx intentó dupear oro.)

4/9/2019 02:23:33 xxx intentó dupear oro.)

4/9/2019 02:23:57 xxx intentó dupear oro.)

4/9/2019 02:24:00 xxx intentó dupear oro.)

4/9/2019 02:24:23 xxx intentó dupear oro.)

4/9/2019 02:25:45 gay intentó dupear oro.)

4/9/2019 02:26:04 gay intentó dupear oro.)

4/9/2019 02:26:06 gay intentó dupear oro.)

4/9/2019 03:12:21 xXx intentó dupear oro.)

4/9/2019 03:23:07 Gay intentó dupear oro.)

4/9/2019 03:27:51 GAY intentó dupear oro.)

04/09/2019 03:54:10 a.m. Gay intentó dupear oro.)

04/09/2019 03:54:10 a.m. Gay intentó dupear oro.)

04/09/2019 03:54:23 a.m. Gay intentó dupear oro.)

5/9/2019 00:55:03 diosito intentó dupear oro.)

5/9/2019 01:16:11 xXx intentó dupear oro.)

5/9/2019 01:37:15 xXx intentó dupear oro.)

5/9/2019 01:37:17 xXx intentó dupear oro.)

5/9/2019 01:37:19 xXx intentó dupear oro.)

5/9/2019 21:16:12 OO intentó dupear oro.)

5/9/2019 21:16:46 OO intentó dupear oro.)

5/9/2019 21:32:26 xXx intentó dupear oro.)

5/9/2019 22:09:47 xXx intentó dupear oro.)

5/9/2019 22:34:16 xXx intentó dupear oro.)

5/9/2019 23:29:01 xXx intentó dupear oro.)

6/9/2019 07:30:19 EMBAPE intentó dupear oro.)

20/11/2019 18:27:14 ZOoM intentó dupear oro.)

20/11/2019 18:27:22 ZOoM intentó dupear oro.)

20/11/2019 19:42:58 elbOw intentó dupear oro.)

