[No Duras]
BannedBy=zoOm
Reason=t0 en el servidor
[NaiTAN]
BannedBy=SNOW
Reason=Uso de programas externos
[HitTANA]
BannedBy=SNOW
Reason=USO DE PROGRAMAS EXTERNOS
[snoW]
BannedBy=snoW
Reason=SALAME
[Horus KA]
BannedBy=SNOW
Reason=Dupeo de oro
[reC tO]
BannedBy=SNOW
Reason=Uso De Razer.
[sIZZJER]
BannedBy=SNOW
Reason=Insultar, y tratar de corrupto al GM
[Nesquik]
BannedBy=snoW
Reason=Uso De Engine.
[Elbo Lita]
BannedBy=snoW
Reason=Uso De Programas Externos.
[Nigga]
BannedBy=snOw
Reason=Uso De Programas Externos.
[koMc]
BannedBy=snOw
Reason=Gm Retirado
[PETY]
BannedBy=zoOm
Reason=Uso de XMouseButtonControl.
[VHAROK]
BannedBy=snOw
Reason=Dupearse Oro
[haddAdi]
BannedBy=snOw
Reason=Uso De programas Externos.
[ALOHOMORA]
BannedBy=snOw
Reason=Insultar al GM e intentar tirar el servidor reiteradas veces.
