10/12/2019 17:54:26 Se conecto con ip:127.0.0.1/Default string#BFEBFBFF000906EA/1102294329
10/12/2019 17:54:29 /INVISIBLE
10/12/2019 17:54:29 /INVISIBLE
10/12/2019 17:54:30 /INVISIBLE
10/12/2019 17:54:40 Transportó a BERRACO hacia Mapa1 X:58 Y:48
10/12/2019 17:54:41 Transportó a BERRACO hacia Mapa1 X:58 Y:48
10/12/2019 17:54:41 Transportó a BERRACO hacia Mapa1 X:53 Y:52
10/12/2019 17:57:16 /INVISIBLE
10/12/2019 17:57:17 /INVISIBLE
10/12/2019 17:57:21 Transportó a BERRACO hacia Mapa1 X:57 Y:52
10/12/2019 17:57:22 Transportó a BERRACO hacia Mapa1 X:55 Y:48
10/12/2019 17:57:22 Transportó a BERRACO hacia Mapa1 X:52 Y:51
10/12/2019 17:57:23 Utilizó un teleport hacia el mapa 197 (49,46)
10/12/2019 17:57:23 Transportó a BERRACO hacia Mapa1 X:51 Y:57
10/12/2019 17:57:35 Transportó a BERRACO hacia Mapa197 X:44 Y:42
10/12/2019 17:57:37 Transportó a BERRACO hacia Mapa197 X:41 Y:40
10/12/2019 17:57:38 Transportó a BERRACO hacia Mapa197 X:41 Y:42
10/12/2019 17:57:38 Utilizó un teleport hacia el mapa 1 (51,47)
10/12/2019 17:57:38 Transportó a BERRACO hacia Mapa197 X:42 Y:40
10/12/2019 17:57:39 Transportó a BERRACO hacia Mapa1 X:50 Y:51
10/12/2019 17:57:39 Transportó a BERRACO hacia Mapa1 X:46 Y:53
10/12/2019 17:57:44 Transportó a BERRACO hacia Mapa1 X:42 Y:59
10/12/2019 17:57:44 Transportó a BERRACO hacia Mapa1 X:41 Y:65
10/12/2019 17:57:44 Transportó a BERRACO hacia Mapa1 X:41 Y:71
10/12/2019 17:57:45 Transportó a BERRACO hacia Mapa1 X:42 Y:75
10/12/2019 17:57:47 Transportó a BERRACO hacia Mapa1 X:45 Y:70
10/12/2019 17:57:47 Transportó a BERRACO hacia Mapa1 X:44 Y:65
10/12/2019 17:57:47 Transportó a BERRACO hacia Mapa1 X:45 Y:61
10/12/2019 17:57:47 Transportó a BERRACO hacia Mapa1 X:46 Y:57
10/12/2019 17:57:48 Transportó a BERRACO hacia Mapa1 X:49 Y:53
10/12/2019 17:57:48 Transportó a BERRACO hacia Mapa1 X:52 Y:49
10/12/2019 17:57:52 Transportó a BERRACO hacia Mapa1 X:55 Y:40
10/12/2019 17:57:53 Transportó a BERRACO hacia Mapa1 X:56 Y:37
10/12/2019 17:57:54 Transportó a BERRACO hacia Mapa1 X:56 Y:41
10/12/2019 17:57:54 Transportó a BERRACO hacia Mapa1 X:55 Y:45
10/12/2019 17:57:54 Transportó a BERRACO hacia Mapa1 X:53 Y:50
10/12/2019 17:57:55 Transportó a BERRACO hacia Mapa1 X:53 Y:54
10/12/2019 17:58:08 Utilizó un teleport hacia el mapa 197 (49,46)
10/12/2019 17:58:08 Transportó a BERRACO hacia Mapa1 X:51 Y:57
10/12/2019 17:58:08 Transportó a BERRACO hacia Mapa197 X:54 Y:51
10/12/2019 18:11:01 Se conecto con ip:127.0.0.1/Default string#BFEBFBFF000906EA/1102294329
10/12/2019 18:11:02 /INVISIBLE
10/12/2019 18:11:03 Utilizó un teleport hacia el mapa 172 (80,22)
10/12/2019 18:11:06 Transportó a Berraco hacia Mapa197 X:46 Y:44
10/12/2019 18:11:07 Transportó a Berraco hacia Mapa197 X:43 Y:40
10/12/2019 18:11:08 Utilizó un teleport hacia el mapa 1 (51,47)
10/12/2019 19:15:20 Se conecto con ip:127.0.0.1/Default string#BFEBFBFF000906EA/1102294329
10/12/2019 19:15:56 Transportó a berraco hacia Mapa1 X:50 Y:49
10/12/2019 19:15:56 Transportó a berraco hacia Mapa1 X:50 Y:48
10/12/2019 19:15:57 Transportó a berraco hacia Mapa1 X:48 Y:48
10/12/2019 19:15:57 Transportó a berraco hacia Mapa1 X:48 Y:48
10/12/2019 19:15:57 Transportó a berraco hacia Mapa1 X:46 Y:48
10/12/2019 19:15:57 Transportó a berraco hacia Mapa1 X:46 Y:48
10/12/2019 19:15:57 Transportó a berraco hacia Mapa1 X:47 Y:47
10/12/2019 19:15:57 Transportó a berraco hacia Mapa1 X:50 Y:46
10/12/2019 19:15:57 Transportó a berraco hacia Mapa1 X:54 Y:44
