17/08/2019 04:52:34 p.m. PRYC ha sido expulsado de CUMBIA AL PALO Expulsador = 10
17/08/2019 06:01:53 p.m. NANO ha sido expulsado de CUMBIA AL PALO Expulsador = 6
18/08/2019 05:06:16 p.m. DEATHWISH ha sido expulsado de CUMBIA AL PALO Expulsador = 3
19/08/2019 05:22:34 a.m. MISTEIKSITO ha sido expulsado de AlTo AiM Expulsador = 5
19/08/2019 07:59:54 p.m. RAKIEL ha sido expulsado de Heather One Expulsador = 11
19/08/2019 11:51:10 p.m. BELLA ha sido expulsado de CUMBIA AL PALO Expulsador = 9
20/08/2019 12:30:40 a.m. TORRENT ha sido expulsado de Newbie Expulsador = 1
20/08/2019 02:22:24 a.m. RAKIEL ha sido expulsado de Newbie Expulsador = 5
20/08/2019 06:04:06 p.m. THE RETADOR ha sido expulsado de Newbie Expulsador = 12
20/08/2019 06:40:59 p.m. RAKIEL ha sido expulsado de poteNcy Expulsador = 7
20/08/2019 07:23:11 p.m. VAHUGAN ha sido expulsado de Armada Real Expulsador = -1
20/08/2019 07:27:45 p.m. RAKIEL ha sido expulsado de Armada Real Expulsador = 7
20/08/2019 08:00:49 p.m. MCTHEMX RLZ ha sido expulsado de Ja Ke Ma Te Expulsador = 11
20/08/2019 09:36:26 p.m. Rakiel de Elite real es expulsado en validar permanencia.
20/08/2019 09:36:26 p.m. Rakiel de Elite real NO provoca cambio de alineación. MAXANT:False
20/08/2019 09:36:26 p.m. RAKIEL ha sido expulsado de Elite real Expulsador = -1
20/08/2019 10:20:12 p.m. BOMER ha sido expulsado de poteNcy Expulsador = 2
21/08/2019 12:20:33 a.m. HITTANA ha sido expulsado de poteNcy Expulsador = 4
21/08/2019 12:20:42 a.m. RAKIEL ha sido expulsado de poteNcy Expulsador = 2
21/08/2019 12:30:31 a.m. VAHUGAN ha sido expulsado de Elite real Expulsador = 6
21/08/2019 02:47:16 p.m. VAHUGAN ha sido expulsado de ThE BlUES Expulsador = 1
21/08/2019 04:18:34 p.m. ITACHI ha sido expulsado de Heather One Expulsador = 8
21/08/2019 11:40:35 p.m. ELYZAH ha sido expulsado de Maverick Expulsador = 6
21/08/2019 11:44:49 p.m. DIRTILIV ha sido expulsado de Maverick Expulsador = 1
21/08/2019 11:50:14 p.m. NANO ha sido expulsado de AlTo AiM Expulsador = 10
22/08/2019 01:09:06 a.m. ELYZAH ha sido expulsado de Newbie Expulsador = 4
23/08/2019 11:38:53 p.m. DICROIK ha sido expulsado de THE CHiTERS Expulsador = 4
24/08/2019 08:27:25 a.m. NAITAN ha sido expulsado de poteNcy Expulsador = 3
24/08/2019 02:04:51 p.m. HESSIO ha sido expulsado de THE CHiTERS Expulsador = 8
24/8/2019 20:52:04 HINATA ha sido expulsado de Uchiha Expulsador = 2
24/8/2019 21:22:56 HINATA ha sido expulsado de poteNcy Expulsador = 5
24/8/2019 21:23:14 EL NIERI ha sido expulsado de poteNcy Expulsador = 5
24/8/2019 21:28:48 ANCIENT ha sido expulsado de Maverick Expulsador = 8
25/8/2019 02:24:11 HINATA ha sido expulsado de poteNcy Expulsador = 5
25/8/2019 12:54:32 HESSIO ha sido expulsado de LOADiNG Expulsador = 6
25/8/2019 13:26:32 ANCIENT ha sido expulsado de poteNcy Expulsador = 2
25/8/2019 13:38:28 ACASULI ha sido expulsado de poteNcy Expulsador = 4
25/8/2019 14:05:13 SIMPLY ha sido expulsado de Heather One Expulsador = 4
25/8/2019 14:20:39 JUGATE ALGO ha sido expulsado de BheringeR Expulsador = 1
25/8/2019 15:00:25 ELYZAH ha sido expulsado de poteNcy Expulsador = 3
26/8/2019 02:43:30 MEDUZKA ha sido expulsado de CHEAT ON Expulsador = 2
26/08/2019 12:10:23 p.m. ITACHI ha sido expulsado de Uchiha Expulsador = 5
26/08/2019 03:55:39 p.m. DIRTILIV ha sido expulsado de Newbie Expulsador = 4
26/08/2019 06:30:49 p.m. POMELO ha sido expulsado de THE CHiTERS Expulsador = 6
26/08/2019 06:30:59 p.m. REC TO ha sido expulsado de LOADiNG Expulsador = 5
26/08/2019 06:34:23 p.m. HORUS KA ha sido expulsado de LOADiNG Expulsador = 14
26/08/2019 06:34:40 p.m. POMELO ha sido expulsado de LOADiNG Expulsador = 6
26/08/2019 08:21:12 p.m. LEGANCY ha sido expulsado de poteNcy Expulsador = 1
26/08/2019 08:39:50 p.m. MAGOPRO ha sido expulsado de LOADiNG Expulsador = 6
27/08/2019 01:59:10 a.m. POMELO ha sido expulsado de ERRE JE Expulsador = 12
27/08/2019 01:40:56 p.m. PAKERITA ha sido expulsado de LOADiNG Expulsador = 13
27/08/2019 06:52:29 p.m. SIMPLY ha sido expulsado de eXtasis Expulsador = 4
27/08/2019 08:38:06 p.m. NIGGA ha sido expulsado de SaphiroS Expulsador = 12
27/08/2019 08:44:24 p.m. MUZZA ha sido expulsado de LOADiNG Expulsador = 7
27/08/2019 08:52:16 p.m. PESADILLA ha sido expulsado de CUMBIA AL PALO Expulsador = 4
27/08/2019 08:53:18 p.m. KALIBUR ha sido expulsado de LOADiNG Expulsador = 6
27/08/2019 08:56:30 p.m. NUTELLA ha sido expulsado de CUMBIA AL PALO Expulsador = 4
27/08/2019 10:37:55 p.m. POMELO ha sido expulsado de ERRE JE Expulsador = 4
27/08/2019 10:44:43 p.m. THE RAVER ha sido expulsado de poteNcy Expulsador = 7
27/08/2019 10:52:02 p.m. WACHITOX ha sido expulsado de CUMBIA AL PALO Expulsador = 3
27/08/2019 11:57:28 p.m. INDIVAR ha sido expulsado de CUMBIA AL PALO Expulsador = 1
28/08/2019 12:24:43 a.m. MERCURIA ha sido expulsado de MISTiCOS Expulsador = 6
28/08/2019 12:25:02 a.m. MEDUZKA ha sido expulsado de MISTiCOS Expulsador = 6
28/08/2019 12:25:19 a.m. XNP ha sido expulsado de FUMANjI Expulsador = 6
28/08/2019 12:28:53 a.m. MERCURIA ha sido expulsado de ENERGY Expulsador = 4
28/08/2019 12:00:13 p.m. DRUM ha sido expulsado de MISTiCOS Expulsador = 1
28/08/2019 01:44:47 p.m. NIGGA ha sido expulsado de CHEAT ON Expulsador = 10
28/08/2019 05:12:02 p.m. REC TO ha sido expulsado de ERRE JE Expulsador = 10
29/08/2019 12:00:22 a.m. MOBO ha sido expulsado de SaphiroS Expulsador = 6
29/08/2019 12:16:30 a.m. JHIN ha sido expulsado de ENERGY Expulsador = 8
29/08/2019 12:36:48 a.m. BELLA ha sido expulsado de ERRE JE Expulsador = 8
29/08/2019 10:30:03 p.m. DIRTILIV ha sido expulsado de One Love Expulsador = -1
29/08/2019 11:29:31 p.m. ELYZAH ha sido expulsado de FUMANjI Expulsador = 7
30/08/2019 06:39:05 p.m. PAKERITA ha sido expulsado de CHEAT ON Expulsador = 3
30/08/2019 09:41:48 p.m. OSCURA ha sido expulsado de poteNcy Expulsador = 5
30/08/2019 09:42:34 p.m. MARILYN ha sido expulsado de poteNcy Expulsador = 2
30/08/2019 09:51:00 p.m. XP ha sido expulsado de poteNcy Expulsador = 2
31/08/2019 12:24:12 a.m. PESADILLA ha sido expulsado de Los Borges Expulsador = 4
31/08/2019 12:27:00 a.m. CONCHITA ha sido expulsado de Los Borges Expulsador = 2
2/9/2019 18:38:01 CLAN ha sido expulsado de testeo clanes Expulsador = 2
05/09/2019 02:08:35 p.m. GIOCONDA ha sido expulsado de To Cry Expulsador = 1
6/9/2019 16:45:52 DIRTILIV ha sido expulsado de To Cry Expulsador = 2
6/9/2019 16:46:06 VALYRIAN ha sido expulsado de To Cry Expulsador = 2
6/9/2019 16:46:12 HANSIK ha sido expulsado de To Cry Expulsador = 2
6/9/2019 16:46:22 PLASH ha sido expulsado de To Cry Expulsador = 2
6/9/2019 16:46:26 ZAID ha sido expulsado de To Cry Expulsador = 2
6/9/2019 16:46:31 ABIGAIL ha sido expulsado de To Cry Expulsador = 4
