11/08/2019 12:32:21 a.m. Se conecto con ip:127.0.0.1/To be filled by O.E.M.#178BFBFF00610F31/-1662512090
11/08/2019 12:32:22 a.m. Transportó a JONI hacia Mapa1 X:59 Y:47
11/08/2019 12:32:23 a.m. /INVISIBLE
11/08/2019 12:32:28 a.m. Transportó a JONI hacia Mapa1 X:56 Y:45
11/08/2019 12:32:29 a.m. Transportó a JONI hacia Mapa1 X:57 Y:47
11/08/2019 12:32:29 a.m. Transportó a JONI hacia Mapa1 X:55 Y:51
11/08/2019 12:37:10 a.m. Se conecto con ip:127.0.0.1/To be filled by O.E.M.#178BFBFF00610F31/-1662512090
11/08/2019 12:37:12 a.m. /INVISIBLE
11/08/2019 12:37:40 a.m. /CI: 1130 Cantidad : 1
11/08/2019 12:37:43 a.m. Agarro:1 Objeto:Alas Arco Iris RM+3 [Altos]
11/08/2019 12:57:56 a.m. Se conecto con ip:127.0.0.1/To be filled by O.E.M.#178BFBFF00610F31/-1662512090
11/08/2019 12:57:57 a.m. /INVISIBLE
11/08/2019 12:59:50 a.m. Se conecto con ip:127.0.0.1/To be filled by O.E.M.#178BFBFF00610F31/-1662512090
11/08/2019 12:59:52 a.m. /INVISIBLE
11/08/2019 01:00:16 a.m. Transportó a joni hacia Mapa1 X:53 Y:49
11/08/2019 01:01:00 a.m. Transportó a joni hacia Mapa1 X:57 Y:49
11/08/2019 01:01:32 a.m. Transportó a joni hacia Mapa1 X:59 Y:46
11/08/2019 01:01:40 a.m. joniha arrancado un torneo.
11/08/2019 01:01:46 a.m. joniha cancelado un torneo.
11/08/2019 01:02:42 a.m. Transportó a joni hacia Mapa1 X:53 Y:48
11/08/2019 01:03:06 a.m. /CI: 944 Cantidad : 1
11/08/2019 01:03:07 a.m. Agarro:1 Objeto:Cofre Inmortales [Oro]
11/08/2019 01:03:21 a.m. Transportó a joni hacia Mapa1 X:55 Y:48
11/08/2019 01:03:23 a.m. Transportó a joni hacia Mapa1 X:56 Y:48
11/08/2019 01:03:26 a.m. Tiró cantidad:1 Objeto:Botella vacia
11/08/2019 01:03:27 a.m. Agarro:1 Objeto:Botella vacia
11/08/2019 01:03:29 a.m. Transportó a joni hacia Mapa1 X:62 Y:51
11/08/2019 01:03:32 a.m. Transportó a joni hacia Mapa1 X:58 Y:47
11/08/2019 01:03:33 a.m. Transportó a joni hacia Mapa1 X:59 Y:45
11/08/2019 01:03:48 a.m. /CI: 1115 Cantidad : 1
11/08/2019 01:03:49 a.m. Agarro:1 Objeto:Cofre Inmortales [PREMIUM]
11/08/2019 01:03:52 a.m. Transportó a joni hacia Mapa1 X:56 Y:38
11/08/2019 01:03:53 a.m. Utilizó un teleport hacia el mapa 202 (52,39)
11/08/2019 01:03:54 a.m. Transportó a joni hacia Mapa202 X:53 Y:33
11/08/2019 01:03:55 a.m. Transportó a joni hacia Mapa202 X:52 Y:37
11/08/2019 01:03:55 a.m. Transportó a joni hacia Mapa202 X:55 Y:42
11/08/2019 01:03:56 a.m. Transportó a joni hacia Mapa202 X:60 Y:39
11/08/2019 01:03:56 a.m. Transportó a joni hacia Mapa202 X:65 Y:35
11/08/2019 01:03:56 a.m. Transportó a joni hacia Mapa202 X:60 Y:34
11/08/2019 01:03:57 a.m. Transportó a joni hacia Mapa202 X:55 Y:36
11/08/2019 01:03:57 a.m. Transportó a joni hacia Mapa202 X:49 Y:40
11/08/2019 01:03:57 a.m. Transportó a joni hacia Mapa202 X:44 Y:44
11/08/2019 01:03:58 a.m. Transportó a joni hacia Mapa202 X:46 Y:48
11/08/2019 01:03:58 a.m. Transportó a joni hacia Mapa202 X:51 Y:51
11/08/2019 01:03:58 a.m. Transportó a joni hacia Mapa202 X:52 Y:56
11/08/2019 01:04:00 a.m. Transportó a joni hacia Mapa1 X:50 Y:50
11/08/2019 01:04:01 a.m. Transportó a joni hacia Mapa1 X:53 Y:45
11/08/2019 01:04:01 a.m. Transportó a joni hacia Mapa1 X:53 Y:41
11/08/2019 01:04:02 a.m. Transportó a joni hacia Mapa1 X:54 Y:38
11/08/2019 01:04:02 a.m. Utilizó un teleport hacia el mapa 201 (50,50)
11/08/2019 01:04:03 a.m. Transportó a joni hacia Mapa201 X:50 Y:45
11/08/2019 01:04:03 a.m. Transportó a joni hacia Mapa201 X:50 Y:40
11/08/2019 01:04:03 a.m. Transportó a joni hacia Mapa201 X:54 Y:40
11/08/2019 01:04:04 a.m. Transportó a joni hacia Mapa201 X:57 Y:40
11/08/2019 01:04:04 a.m. Transportó a joni hacia Mapa201 X:56 Y:36
11/08/2019 01:04:04 a.m. Transportó a joni hacia Mapa201 X:54 Y:31
11/08/2019 01:04:09 a.m. Transportó a joni hacia Mapa201 X:54 Y:36
11/08/2019 01:04:12 a.m. Transportó a joni hacia Mapa1 X:50 Y:50
11/08/2019 01:04:14 a.m. Transportó a joni hacia Mapa1 X:47 Y:51
11/08/2019 01:04:16 a.m. Transportó a joni hacia Mapa1 X:43 Y:55
11/08/2019 01:04:16 a.m. Transportó a joni hacia Mapa1 X:38 Y:59
11/08/2019 01:04:17 a.m. Transportó a joni hacia Mapa1 X:36 Y:62
11/08/2019 01:04:18 a.m. Transportó a joni hacia Mapa1 X:39 Y:59
11/08/2019 01:04:18 a.m. Transportó a joni hacia Mapa1 X:46 Y:56
11/08/2019 01:04:27 a.m. Transportó a joni hacia Mapa1 X:53 Y:56
11/08/2019 01:04:31 a.m. /CI: 1130 Cantidad : 1
11/08/2019 01:04:32 a.m. Agarro:1 Objeto:Alas Arco Iris RM+3 [Altos]
11/08/2019 01:04:35 a.m. /CI: 1129 Cantidad : 1
11/08/2019 01:04:36 a.m. Agarro:1 Objeto:Alas Rayos Rojos RM+3 [Altos]
11/08/2019 01:04:52 a.m. /CI: 1128 Cantidad : 1
11/08/2019 01:04:53 a.m. Agarro:1 Objeto:Alas Rayos Dorados RM+3 [Altos]
11/08/2019 01:05:00 a.m. /CI: 1127 Cantidad : 1
11/08/2019 01:05:05 a.m. Agarro:1 Objeto:Alas Negras Luck RM+3 [Bajos]
11/08/2019 01:05:17 a.m. /CI: 1126 Cantidad : 1
11/08/2019 01:05:18 a.m. Agarro:1 Objeto:Alas Arcangel RM+3 [Altos]
11/08/2019 01:05:29 a.m. /CI: 1125 Cantidad : 1
11/08/2019 01:05:29 a.m. Agarro:1 Objeto:Alas Rojas Lucifer RM+3 [Bajos]
11/08/2019 01:05:34 a.m. /CI: 1124 Cantidad : 1
11/08/2019 01:05:36 a.m. Agarro:1 Objeto:Alas blancas Luz RM+3 [Bajos]
11/08/2019 01:05:47 a.m. /CI: 1124 Cantidad : 1
11/08/2019 01:05:48 a.m. Agarro:1 Objeto:Alas blancas Luz RM+3 [Bajos]
11/08/2019 01:05:50 a.m. /CI: 1123 Cantidad : 1
11/08/2019 01:05:51 a.m. Agarro:1 Objeto:Túnica LUCIFER RM+3 [Altos]
11/08/2019 01:06:09 a.m. /CI: 881 Cantidad : 1
11/08/2019 01:06:09 a.m. Agarro:1 Objeto:Montura de Caballo
11/08/2019 01:06:29 a.m. Se conecto con ip:127.0.0.1/To be filled by O.E.M.#178BFBFF00610F31/-1662512090
11/08/2019 01:06:35 a.m. /INVISIBLE
11/08/2019 01:06:35 a.m. Transportó a jonI hacia Mapa1 X:63 Y:47
11/08/2019 01:06:37 a.m. Transportó a jonI hacia Mapa1 X:63 Y:47
11/08/2019 01:06:37 a.m. Transportó a jonI hacia Mapa1 X:63 Y:47
11/08/2019 01:06:38 a.m. Transportó a jonI hacia Mapa1 X:63 Y:47
11/08/2019 01:06:38 a.m. Transportó a jonI hacia Mapa1 X:63 Y:47
11/08/2019 01:06:38 a.m. Transportó a jonI hacia Mapa1 X:63 Y:47
11/08/2019 01:06:38 a.m. Transportó a jonI hacia Mapa1 X:63 Y:47
11/08/2019 01:06:46 a.m. Transportó a jonI hacia Mapa1 X:66 Y:49
11/08/2019 01:06:47 a.m. Transportó a jonI hacia Mapa1 X:66 Y:49
11/08/2019 01:06:48 a.m. Transportó a jonI hacia Mapa1 X:63 Y:48
11/08/2019 01:07:03 a.m. /CI: 1066 Cantidad : 1
11/08/2019 01:07:28 a.m. Transportó a jonI hacia Mapa1 X:65 Y:50
11/08/2019 01:07:28 a.m. /CI: 1112 Cantidad : 1
11/08/2019 01:07:41 a.m. /INVISIBLE
11/08/2019 01:07:42 a.m. /INVISIBLE
11/08/2019 01:07:47 a.m. Transportó a jonI hacia Mapa1 X:65 Y:49
11/08/2019 01:07:48 a.m. Agarro:1 Objeto:Montura de caballo FENIX
11/08/2019 01:07:52 a.m. Se conecto con ip:127.0.0.1/To be filled by O.E.M.#178BFBFF00610F31/-1662512090
11/08/2019 01:07:54 a.m. /INVISIBLE
11/08/2019 01:08:00 a.m. Agarro:1 Objeto:Fragmento de Montura
11/08/2019 01:08:15 a.m. /CI: 1113 Cantidad : 1
11/08/2019 01:08:16 a.m. Agarro:1 Objeto:Montura gálaga
11/08/2019 01:08:31 a.m. /CI: 1114 Cantidad : 1
11/08/2019 01:08:31 a.m. Agarro:1 Objeto:Montura reforzada del Dios Thyrah
11/08/2019 01:08:51 a.m. /CI: 909 Cantidad : 1
11/08/2019 01:08:52 a.m. Agarro:1 Objeto:Libro Mágico
11/08/2019 01:09:13 a.m. Transportó a joni hacia Mapa1 X:56 Y:54
11/08/2019 01:09:13 a.m. Transportó a joni hacia Mapa1 X:55 Y:48
11/08/2019 01:09:15 a.m. Utilizó un teleport hacia el mapa 200 (51,52)
11/08/2019 01:09:15 a.m. Transportó a joni hacia Mapa1 X:49 Y:48
11/08/2019 01:11:52 a.m. /INVISIBLE
11/08/2019 01:11:53 a.m. /INVISIBLE
11/08/2019 01:11:54 a.m. Utilizó un teleport hacia el mapa 34 (50,50)
11/08/2019 01:12:02 a.m. Transportó a joni hacia Mapa34 X:44 Y:56
11/08/2019 01:12:02 a.m. Transportó a joni hacia Mapa34 X:39 Y:60
11/08/2019 01:12:03 a.m. Transportó a joni hacia Mapa34 X:35 Y:63
11/08/2019 01:12:03 a.m. Transportó a joni hacia Mapa34 X:31 Y:67
11/08/2019 01:12:05 a.m. Transportó a joni hacia Mapa34 X:32 Y:70
11/08/2019 01:12:57 a.m. Utilizó un teleport hacia el mapa 1 (50,50)
11/08/2019 01:13:05 a.m. Transportó a joni hacia Mapa1 X:52 Y:52
11/08/2019 01:13:07 a.m. Transportó a joni hacia Mapa1 X:50 Y:55
11/08/2019 01:13:07 a.m. Transportó a joni hacia Mapa1 X:47 Y:58
11/08/2019 01:13:07 a.m. Transportó a joni hacia Mapa1 X:48 Y:62
11/08/2019 01:13:07 a.m. Transportó a joni hacia Mapa1 X:50 Y:66
11/08/2019 01:13:08 a.m. Transportó a joni hacia Mapa1 X:51 Y:70
11/08/2019 01:13:08 a.m. Transportó a joni hacia Mapa1 X:48 Y:74
11/08/2019 01:13:09 a.m. Transportó a joni hacia Mapa1 X:45 Y:76
11/08/2019 01:13:10 a.m. Transportó a joni hacia Mapa1 X:41 Y:77
11/08/2019 01:13:10 a.m. Utilizó un teleport hacia el mapa 197 (49,46)
11/08/2019 01:22:47 a.m. Se conecto con ip:127.0.0.1/To be filled by O.E.M.#178BFBFF00610F31/-1662512090
11/08/2019 01:23:17 a.m. Se conecto con ip:127.0.0.1/To be filled by O.E.M.#178BFBFF00610F31/-1662512090
11/08/2019 01:23:21 a.m. /INVISIBLE
11/08/2019 01:23:22 a.m. /INVISIBLE
11/08/2019 01:23:22 a.m. /INVISIBLE
11/08/2019 01:23:24 a.m. /INVISIBLE
11/08/2019 01:23:24 a.m. /INVISIBLE
11/08/2019 01:23:25 a.m. Transportó a JONI hacia Mapa1 X:55 Y:50
11/08/2019 01:23:26 a.m. Transportó a JONI hacia Mapa1 X:51 Y:49
11/08/2019 01:23:27 a.m. /INVISIBLE
11/08/2019 01:23:27 a.m. /INVISIBLE
11/08/2019 01:23:29 a.m. /INVISIBLE
11/08/2019 01:23:30 a.m. /INVISIBLE
11/08/2019 01:23:32 a.m. Transportó a JONI hacia Mapa1 X:52 Y:49
11/08/2019 01:23:33 a.m. Transportó a JONI hacia Mapa1 X:51 Y:53
11/08/2019 01:23:43 a.m. Sumoneo Murciélago
11/08/2019 01:23:47 a.m. Transportó a JONI hacia Mapa1 X:50 Y:49
11/08/2019 01:23:49 a.m. Utilizó un teleport hacia el mapa 200 (51,52)
11/08/2019 01:23:52 a.m. Transportó a JONI hacia Mapa175 X:50 Y:50
11/08/2019 01:23:55 a.m. Transportó a JONI hacia Mapa175 X:47 Y:50
11/08/2019 01:23:56 a.m. Transportó a JONI hacia Mapa175 X:40 Y:51
11/08/2019 01:23:56 a.m. Transportó a JONI hacia Mapa175 X:34 Y:55
11/08/2019 01:23:56 a.m. Transportó a JONI hacia Mapa175 X:28 Y:55
11/08/2019 01:23:57 a.m. Transportó a JONI hacia Mapa175 X:27 Y:49
11/08/2019 01:23:57 a.m. Transportó a JONI hacia Mapa175 X:29 Y:43
11/08/2019 01:23:57 a.m. Transportó a JONI hacia Mapa175 X:32 Y:38
11/08/2019 01:23:58 a.m. Transportó a JONI hacia Mapa175 X:33 Y:32
11/08/2019 01:23:58 a.m. Transportó a JONI hacia Mapa175 X:36 Y:26
11/08/2019 01:23:59 a.m. Transportó a JONI hacia Mapa175 X:43 Y:27
11/08/2019 01:23:59 a.m. Transportó a JONI hacia Mapa175 X:46 Y:31
11/08/2019 01:24:11 a.m. /CI: 519 Cantidad : 1
11/08/2019 01:24:13 a.m. Agarro:1 Objeto:Túnica Legendaria (H/E/EO-M/H)
11/08/2019 01:24:28 a.m. /STATS joni 1
11/08/2019 01:24:37 a.m. /STATS joni
11/08/2019 01:26:25 a.m. Transportó a JONI hacia Mapa200 X:50 Y:50
11/08/2019 01:26:29 a.m. Transportó a JONI hacia Mapa201 X:50 Y:50
11/08/2019 01:26:32 a.m. Transportó a JONI hacia Mapa202 X:50 Y:50
11/08/2019 01:26:34 a.m. Transportó a JONI hacia Mapa202 X:49 Y:47
11/08/2019 01:26:34 a.m. Transportó a JONI hacia Mapa202 X:49 Y:42
11/08/2019 01:26:36 a.m. Transportó a JONI hacia Mapa203 X:50 Y:50
11/08/2019 01:26:43 a.m. Transportó a JONI hacia Mapa204 X:50 Y:50
11/08/2019 01:26:47 a.m. Transportó a JONI hacia Mapa219 X:50 Y:50
11/08/2019 01:26:48 a.m. Transportó a JONI hacia Mapa219 X:47 Y:52
11/08/2019 01:26:49 a.m. Transportó a JONI hacia Mapa219 X:43 Y:54
11/08/2019 01:26:49 a.m. Transportó a JONI hacia Mapa219 X:37 Y:52
11/08/2019 01:26:57 a.m. Transportó a JONI hacia Mapa209 X:50 Y:50
11/08/2019 01:26:58 a.m. Transportó a JONI hacia Mapa209 X:56 Y:50
