11/08/2019 01:32:57 a.m. server cerrado.
11/08/2019 01:36:36 a.m. server iniciado 0.3.5
11/08/2019 02:30:37 a.m. server cerrado.
11/08/2019 02:31:51 a.m. server iniciado 0.3.5
11/08/2019 02:55:32 a.m. server cerrado.
11/08/2019 03:00:07 a.m. server iniciado 0.3.5
11/08/2019 03:08:39 a.m. server cerrado.
11/08/2019 11:38:07 a.m. server iniciado 0.3.5
11/08/2019 11:42:55 a.m. server cerrado.
11/8/2019 12:07:43 server iniciado 0.3.5
11/08/2019 02:32:03 p.m. server iniciado 0.3.5
11/08/2019 02:38:08 p.m. server cerrado.
11/8/2019 14:39:53 server cerrado.
11/08/2019 02:42:24 p.m. server iniciado 0.3.5
11/08/2019 09:57:29 p.m. server cerrado.
11/08/2019 10:02:13 p.m. server iniciado 0.3.5
11/08/2019 10:37:38 p.m. server cerrado.
11/08/2019 10:46:44 p.m. server iniciado 0.3.5
12/08/2019 12:48:52 a.m. server cerrado.
12/08/2019 12:49:11 a.m. server iniciado 0.3.5
12/08/2019 12:55:37 a.m. server cerrado.
12/08/2019 12:55:59 a.m. server iniciado 0.3.5
12/08/2019 01:01:41 a.m. server cerrado.
12/08/2019 01:05:13 a.m. server iniciado 0.3.5
12/08/2019 02:10:39 a.m. server cerrado.
12/08/2019 02:55:43 a.m. server iniciado 0.3.5
12/08/2019 03:08:53 a.m. server cerrado.
12/08/2019 02:07:26 p.m. server iniciado 0.3.5
12/08/2019 02:32:14 p.m. server cerrado.
12/08/2019 11:36:06 p.m. server iniciado 0.3.5
12/08/2019 11:48:21 p.m. server cerrado.
12/08/2019 11:55:47 p.m. server iniciado 0.3.5
12/08/2019 11:57:12 p.m. server cerrado.
13/08/2019 12:00:55 a.m. server iniciado 0.3.5
13/08/2019 02:09:48 a.m. server cerrado.
13/08/2019 02:10:00 a.m. server iniciado 0.3.5
13/08/2019 02:15:55 a.m. server cerrado.
13/08/2019 02:16:13 a.m. server iniciado 0.3.5
13/08/2019 02:20:02 a.m. server cerrado.
13/08/2019 02:20:17 a.m. server iniciado 0.3.5
13/08/2019 02:21:16 a.m. server cerrado.
13/08/2019 02:21:30 a.m. server iniciado 0.3.5
13/08/2019 02:45:40 a.m. server cerrado.
13/08/2019 02:45:48 a.m. server iniciado 0.3.5
13/08/2019 01:02:36 p.m. server iniciado 0.3.5
13/08/2019 01:04:37 p.m. server cerrado.
13/08/2019 01:07:08 p.m. server iniciado 0.3.5
13/08/2019 01:22:00 p.m. server cerrado.
13/08/2019 01:22:33 p.m. server iniciado 0.3.5
13/08/2019 07:27:34 p.m. server cerrado.
13/08/2019 07:28:18 p.m. server iniciado 0.3.5
14/08/2019 03:22:51 a.m. server cerrado.
14/08/2019 03:36:00 a.m. server iniciado 0.3.5
14/08/2019 12:24:10 p.m. server cerrado.
14/08/2019 12:25:29 p.m. server iniciado 0.3.5
14/08/2019 12:25:53 p.m. server cerrado.
14/08/2019 12:26:13 p.m. server iniciado 0.3.5
15/08/2019 01:15:46 p.m. server cerrado.
15/08/2019 01:15:58 p.m. server iniciado 0.3.5
15/08/2019 01:21:18 p.m. server cerrado.
15/08/2019 01:21:31 p.m. server iniciado 0.3.5
15/08/2019 01:24:30 p.m. server cerrado.
15/08/2019 01:24:40 p.m. server iniciado 0.3.5
15/08/2019 01:32:22 p.m. server cerrado.
15/08/2019 01:33:22 p.m. server iniciado 0.3.5
15/08/2019 01:38:17 p.m. server cerrado.
15/08/2019 01:38:35 p.m. server iniciado 0.3.5
15/08/2019 01:41:14 p.m. server cerrado.
15/08/2019 01:41:17 p.m. server iniciado 0.3.5
15/08/2019 01:42:54 p.m. server iniciado 0.3.5
16/08/2019 11:19:35 a.m. server cerrado.
16/08/2019 11:23:15 a.m. server iniciado 0.3.5
16/08/2019 11:29:17 a.m. server cerrado.
16/08/2019 11:32:25 a.m. server iniciado 0.3.5
16/08/2019 11:38:48 a.m. server cerrado.
16/08/2019 11:39:01 a.m. server iniciado 0.3.5
16/08/2019 11:56:13 a.m. server cerrado.
16/08/2019 11:56:27 a.m. server iniciado 0.3.5
16/08/2019 11:57:40 a.m. server cerrado.
16/08/2019 11:57:50 a.m. server iniciado 0.3.5
16/08/2019 11:58:51 a.m. server cerrado.
16/08/2019 12:00:46 p.m. server iniciado 0.3.5
16/08/2019 02:01:09 p.m. server cerrado.
16/08/2019 02:01:19 p.m. server iniciado 0.3.5
16/08/2019 02:01:23 p.m. server cerrado.
16/08/2019 02:01:32 p.m. server iniciado 0.3.5
16/08/2019 02:12:20 p.m. server cerrado.
16/08/2019 02:12:40 p.m. server iniciado 0.3.5
16/08/2019 08:22:13 p.m. server cerrado.
16/08/2019 08:22:22 p.m. server iniciado 0.3.5
17/08/2019 12:23:55 a.m. server cerrado.
17/08/2019 12:24:11 a.m. server iniciado 0.3.5
17/08/2019 12:33:15 p.m. server cerrado.
17/08/2019 12:33:28 p.m. server iniciado 0.3.5
18/08/2019 09:15:30 p.m. server cerrado.
18/08/2019 09:21:50 p.m. server iniciado 0.3.5
18/08/2019 09:28:29 p.m. server iniciado 0.3.5
18/08/2019 09:41:23 p.m. server iniciado 0.3.5
18/08/2019 09:48:52 p.m. server iniciado 0.3.5
18/08/2019 09:48:53 p.m. server cerrado.
18/08/2019 09:49:12 p.m. server iniciado 0.3.5
18/08/2019 09:51:41 p.m. server cerrado.
18/08/2019 09:51:59 p.m. server iniciado 0.3.5
19/08/2019 12:15:39 a.m. server cerrado.
19/08/2019 12:15:55 a.m. server iniciado 0.3.5
19/08/2019 12:17:55 a.m. server cerrado.
19/08/2019 12:18:07 a.m. server iniciado 0.3.5
19/08/2019 11:15:54 a.m. server cerrado.
19/08/2019 11:16:14 a.m. server iniciado 0.3.5
19/08/2019 12:35:12 p.m. server cerrado.
19/08/2019 12:35:21 p.m. server iniciado 0.3.5
19/08/2019 12:38:47 p.m. server cerrado.
19/08/2019 12:38:56 p.m. server iniciado 0.3.5
20/08/2019 12:02:21 a.m. server cerrado.
20/08/2019 12:05:17 a.m. server iniciado 0.3.5
20/08/2019 12:44:54 a.m. server cerrado.
20/08/2019 12:48:49 a.m. server iniciado 0.3.5
20/08/2019 11:14:01 p.m. server iniciado 0.3.5
21/08/2019 11:02:36 a.m. server cerrado.
21/08/2019 12:15:02 p.m. server cerrado.
21/08/2019 12:15:16 p.m. server iniciado 0.3.5
21/08/2019 12:26:54 p.m. server cerrado.
21/08/2019 12:27:05 p.m. server iniciado 0.3.5
21/08/2019 01:06:44 p.m. server cerrado.
21/08/2019 01:06:55 p.m. server iniciado 0.3.5
21/08/2019 07:55:13 p.m. server iniciado 0.3.5
23/08/2019 12:33:22 a.m. server cerrado.
23/08/2019 12:33:34 a.m. server iniciado 0.3.5
23/08/2019 12:33:49 a.m. server cerrado.
23/08/2019 12:34:06 a.m. server iniciado 0.3.5
23/08/2019 12:34:21 a.m. server cerrado.
23/08/2019 12:34:56 a.m. server iniciado 0.3.5
23/08/2019 02:40:44 a.m. server apagado por snoW. 
23/08/2019 02:40:44 a.m. server cerrado.
23/08/2019 02:41:53 a.m. server iniciado 0.3.5
23/08/2019 01:50:12 p.m. server iniciado 0.3.5
23/08/2019 02:27:26 p.m. server iniciado 0.3.5
23/08/2019 05:28:36 p.m. server cerrado.
23/08/2019 05:28:48 p.m. server iniciado 0.3.5
24/08/2019 04:23:57 p.m. server cerrado.
24/8/2019 16:24:25 server iniciado 0.3.5
25/8/2019 01:59:59 server iniciado 0.3.5
25/8/2019 10:09:21 server cerrado.
25/8/2019 11:39:18 server iniciado 0.3.5
26/8/2019 02:55:56 server cerrado.
26/08/2019 02:56:46 a.m. server iniciado 0.3.5
26/08/2019 02:57:37 a.m. server cerrado.
26/08/2019 02:58:30 a.m. server iniciado 0.3.5
27/08/2019 10:13:46 p.m. server cerrado.
27/08/2019 10:13:58 p.m. server iniciado 0.3.5
29/08/2019 10:27:17 a.m. server cerrado.
29/08/2019 11:56:24 a.m. server iniciado 0.3.5
31/08/2019 10:40:44 a.m. server cerrado.
31/8/2019 10:46:59 server iniciado 0.3.5
31/8/2019 10:49:26 server cerrado.
31/8/2019 11:06:59 server iniciado 0.3.5
31/8/2019 11:21:28 server cerrado.
31/8/2019 11:22:01 server iniciado 0.3.5
31/8/2019 11:23:25 server cerrado.
31/8/2019 11:23:28 server iniciado 0.3.5
31/8/2019 11:26:32 server cerrado.
31/8/2019 11:31:54 server iniciado 0.3.5
31/8/2019 11:34:44 server cerrado.
31/8/2019 11:34:45 server iniciado 0.3.5
31/8/2019 11:34:47 server cerrado.
31/8/2019 11:34:50 server iniciado 0.3.5
31/8/2019 11:36:35 server cerrado.
31/8/2019 11:36:38 server iniciado 0.3.5
31/8/2019 11:43:42 server iniciado 0.3.5
31/8/2019 11:44:18 server cerrado.
31/8/2019 12:11:18 server iniciado 0.3.5
31/8/2019 12:11:21 server cerrado.
31/8/2019 12:11:31 server iniciado 0.3.5
31/8/2019 12:17:40 server cerrado.
31/8/2019 12:18:12 server iniciado 0.3.5
31/8/2019 12:23:36 server iniciado 0.3.5
31/8/2019 12:29:38 server cerrado.
31/8/2019 12:32:45 server iniciado 0.3.5
31/8/2019 12:57:53 server cerrado.
31/8/2019 12:58:00 server iniciado 0.3.5
31/8/2019 12:59:35 server cerrado.
31/8/2019 17:14:26 server iniciado 0.3.5
31/8/2019 17:25:30 server cerrado.
31/8/2019 17:32:03 server iniciado 0.3.5
31/8/2019 17:33:08 server cerrado.
31/8/2019 17:39:05 server iniciado 0.3.5
31/8/2019 17:40:55 server cerrado.
31/8/2019 17:41:36 server iniciado 0.3.5
31/8/2019 17:42:06 server cerrado.
31/8/2019 17:42:20 server iniciado 0.3.5
31/8/2019 17:42:54 server cerrado.
31/8/2019 17:42:57 server iniciado 0.3.5
31/8/2019 17:46:01 server cerrado.
31/8/2019 17:49:49 server iniciado 0.3.5
31/8/2019 17:51:44 server cerrado.
31/8/2019 17:52:03 server iniciado 0.3.5
31/08/2019 07:54:26 p.m. server iniciado 0.3.5
31/08/2019 08:24:53 p.m. server cerrado.
31/08/2019 08:27:47 p.m. server iniciado 0.3.5
31/08/2019 08:34:48 p.m. server cerrado.
31/08/2019 08:41:24 p.m. server iniciado 0.3.5
31/08/2019 08:48:26 p.m. server cerrado.
31/08/2019 08:56:23 p.m. server iniciado 0.3.5
31/08/2019 09:09:04 p.m. server cerrado.
31/08/2019 09:11:19 p.m. server iniciado 0.3.5
31/08/2019 09:12:53 p.m. server cerrado.
31/08/2019 09:13:00 p.m. server iniciado 0.3.5
31/08/2019 09:14:19 p.m. server cerrado.
31/08/2019 09:14:27 p.m. server iniciado 0.3.5
31/08/2019 09:20:54 p.m. server cerrado.
31/08/2019 09:32:04 p.m. server iniciado 0.3.5
31/08/2019 09:37:41 p.m. server cerrado.
31/08/2019 09:37:52 p.m. server iniciado 0.3.5
31/08/2019 09:38:12 p.m. server cerrado.
1/9/2019 05:07:00 server iniciado 0.3.5
1/9/2019 06:56:04 server cerrado.
1/9/2019 06:56:08 server iniciado 0.3.5
1/9/2019 06:56:46 server cerrado.
1/9/2019 06:57:40 server iniciado 0.3.5
1/9/2019 07:13:37 server cerrado.
1/9/2019 12:57:41 server iniciado 0.3.5
1/9/2019 13:22:03 server cerrado.
1/9/2019 13:22:26 server iniciado 0.3.5
1/9/2019 13:25:07 server cerrado.
1/9/2019 13:25:11 server iniciado 0.3.5
1/9/2019 13:33:27 server cerrado.
1/9/2019 13:33:31 server iniciado 0.3.5
1/9/2019 13:36:02 server cerrado.
1/9/2019 13:44:39 server iniciado 0.3.5
1/9/2019 13:56:02 server cerrado.
1/9/2019 16:14:36 server iniciado 0.3.5
2/9/2019 05:30:06 server cerrado.
2/9/2019 10:28:36 server iniciado 0.3.5
2/9/2019 10:31:17 server cerrado.
2/9/2019 10:31:34 server iniciado 0.3.5
2/9/2019 14:20:55 server cerrado.
2/9/2019 14:43:46 server iniciado 0.3.5
2/9/2019 15:04:40 server cerrado.
2/9/2019 17:42:54 server iniciado 0.3.5
2/9/2019 17:53:47 server cerrado.
2/9/2019 17:54:15 server iniciado 0.3.5
2/9/2019 17:58:33 server cerrado.
2/9/2019 18:16:11 server iniciado 0.3.5
2/9/2019 18:26:26 server cerrado.
2/9/2019 18:26:30 server iniciado 0.3.5
2/9/2019 18:33:26 server cerrado.
2/9/2019 18:34:40 server iniciado 0.3.5
2/9/2019 18:49:57 server cerrado.
2/9/2019 18:50:50 server iniciado 0.3.5
2/9/2019 18:53:42 server cerrado.
2/9/2019 18:53:51 server iniciado 0.3.5
2/9/2019 18:54:03 server cerrado.
2/9/2019 18:55:45 server iniciado 0.3.5
2/9/2019 18:57:07 server cerrado.
2/9/2019 18:59:16 server iniciado 0.3.5
2/9/2019 18:59:45 server cerrado.
2/9/2019 19:05:05 server iniciado 0.3.5
2/9/2019 21:16:16 server cerrado.
2/9/2019 21:17:57 server iniciado 0.3.5
2/9/2019 21:34:16 server cerrado.
2/9/2019 21:35:44 server iniciado 0.3.5
3/9/2019 01:17:13 server cerrado.
3/9/2019 01:19:27 server iniciado 0.3.5
3/9/2019 01:21:29 server cerrado.
3/9/2019 01:22:26 server iniciado 0.3.5
3/9/2019 01:34:18 server cerrado.
3/9/2019 01:52:25 server iniciado 0.3.5
3/9/2019 01:53:40 server cerrado.
3/9/2019 01:53:48 server iniciado 0.3.5
3/9/2019 01:54:59 server cerrado.
3/9/2019 02:10:10 server iniciado 0.3.5
3/9/2019 02:32:27 server cerrado.
03/09/2019 12:24:36 p.m. server iniciado 0.3.5
03/09/2019 12:27:13 p.m. server cerrado.
03/09/2019 12:27:47 p.m. server iniciado 0.3.5
03/09/2019 05:23:55 p.m. server cerrado.
3/9/2019 21:42:22 server iniciado 0.3.5
3/9/2019 23:26:26 server cerrado.
3/9/2019 23:30:18 server iniciado 0.3.5
4/9/2019 03:40:25 server cerrado.
04/09/2019 03:43:04 a.m. server iniciado 0.3.5
04/09/2019 03:43:36 a.m. server cerrado.
04/09/2019 03:44:20 a.m. server iniciado 0.3.5
04/09/2019 10:02:17 p.m. server cerrado.
04/09/2019 10:03:16 p.m. server iniciado 0.3.5
04/09/2019 10:40:23 p.m. server cerrado.
4/9/2019 22:41:29 server iniciado 0.3.5
5/9/2019 00:19:18 server cerrado.
5/9/2019 00:19:33 server iniciado 0.3.5
5/9/2019 03:34:24 server cerrado.
05/09/2019 03:37:21 a.m. server iniciado 0.3.5
05/09/2019 03:37:29 a.m. server cerrado.
05/09/2019 03:38:08 a.m. server iniciado 0.3.5
05/09/2019 04:30:47 p.m. server cerrado.
5/9/2019 16:31:01 server iniciado 0.3.5
7/9/2019 00:39:14 server cerrado.
7/9/2019 14:07:15 server iniciado 0.3.5
7/9/2019 18:23:48 server cerrado.
8/9/2019 02:04:10 server iniciado 0.3.5
8/9/2019 12:28:56 server iniciado 0.3.5
8/9/2019 12:28:58 server cerrado.
8/9/2019 12:29:15 server iniciado 0.3.5
8/9/2019 12:34:59 server cerrado.
8/9/2019 12:35:28 server iniciado 0.3.5
8/9/2019 12:47:06 server cerrado.
8/9/2019 12:55:02 server iniciado 0.3.5
8/9/2019 12:56:34 server cerrado.
8/9/2019 12:56:38 server iniciado 0.3.5
8/9/2019 12:58:04 server iniciado 0.3.5
8/9/2019 12:59:34 server iniciado 0.3.5
8/9/2019 13:01:26 server iniciado 0.3.5
8/9/2019 13:27:53 server iniciado 0.3.5
8/9/2019 14:45:25 server cerrado.
8/9/2019 14:57:07 server iniciado 0.3.5
8/9/2019 15:01:42 server cerrado.
8/9/2019 18:41:08 server iniciado 0.3.5
8/9/2019 18:43:54 server cerrado.
09/09/2019 05:25:12 p.m. server iniciado 0.3.5
09/09/2019 05:28:21 p.m. server cerrado.
10/9/2019 12:17:59 server iniciado 0.3.5
10/9/2019 20:07:17 server cerrado.
10/9/2019 20:07:21 server iniciado 0.3.5
11/9/2019 00:23:24 server cerrado.
11/9/2019 23:38:18 server iniciado 0.3.5
12/9/2019 02:30:28 server iniciado 0.3.5
12/9/2019 05:19:04 server cerrado.
13/09/2019 01:25:23 a.m. server iniciado 0.3.5
13/09/2019 03:18:22 a.m. server cerrado.
13/9/2019 04:30:48 server iniciado 0.3.5
13/9/2019 04:36:38 server iniciado 0.3.5
13/9/2019 04:38:41 server iniciado 0.3.5
13/9/2019 04:42:23 server iniciado 0.3.5
13/9/2019 16:49:18 server iniciado 0.3.5
13/9/2019 17:03:41 server cerrado.
13/9/2019 17:03:45 server iniciado 0.3.5
13/9/2019 17:08:15 server iniciado 0.3.5
13/9/2019 17:08:57 server iniciado 0.3.5
13/9/2019 17:10:11 server iniciado 0.3.5
13/9/2019 17:11:33 server iniciado 0.3.5
13/9/2019 17:12:27 server iniciado 0.3.5
13/9/2019 17:14:29 server iniciado 0.3.5
13/9/2019 17:15:31 server iniciado 0.3.5
13/9/2019 17:17:14 server cerrado.
13/9/2019 17:17:24 server iniciado 0.3.5
13/9/2019 17:17:48 server cerrado.
13/9/2019 17:50:31 server iniciado 0.3.5
13/9/2019 17:58:43 server iniciado 0.3.5
13/9/2019 17:59:11 server cerrado.
13/9/2019 17:59:34 server iniciado 0.3.5
13/9/2019 17:59:49 server cerrado.
16/9/2019 01:51:27 server iniciado 0.3.5
16/9/2019 01:52:03 server cerrado.
16/9/2019 01:52:33 server iniciado 0.3.5
16/9/2019 01:52:35 server cerrado.
16/9/2019 01:52:50 server iniciado 0.3.5
16/9/2019 02:01:53 server iniciado 0.3.5
16/9/2019 02:01:56 server cerrado.
16/9/2019 02:02:13 server cerrado.
16/9/2019 02:02:16 server iniciado 0.3.5
16/9/2019 02:08:28 server cerrado.
16/9/2019 02:11:08 server iniciado 0.3.5
16/9/2019 02:21:47 server iniciado 0.3.5
16/9/2019 02:24:03 server iniciado 0.3.5
16/09/2019 03:18:35 p.m. server iniciado 0.3.5
16/09/2019 03:31:22 p.m. server cerrado.
16/09/2019 03:31:30 p.m. server iniciado 0.3.5
16/09/2019 03:41:34 p.m. server iniciado 0.3.5
16/9/2019 16:13:06 server iniciado 0.3.5
16/9/2019 21:03:51 server iniciado 0.3.5
16/09/2019 11:23:02 p.m. server iniciado 0.3.5
22/9/2019 12:14:21 server iniciado 0.3.5
22/9/2019 12:22:11 server cerrado.
22/9/2019 12:22:15 server iniciado 0.3.5
22/9/2019 12:36:17 server iniciado 0.3.5
22/9/2019 12:58:20 server cerrado.
22/9/2019 12:58:27 server iniciado 0.3.5
20/11/2019 16:09:45 server iniciado 0.3.5
20/11/2019 16:10:38 server cerrado.
20/11/2019 16:10:44 server iniciado 0.3.5
20/11/2019 16:10:51 server cerrado.
20/11/2019 16:11:57 server iniciado 0.3.5
20/11/2019 18:35:42 server cerrado.
20/11/2019 18:35:47 server iniciado 0.3.5
20/11/2019 19:07:11 server cerrado.
20/11/2019 19:34:33 server iniciado 0.3.5
20/11/2019 19:34:44 server cerrado.
20/11/2019 19:34:57 server iniciado 0.3.5
20/11/2019 19:40:21 server iniciado 0.3.5
20/11/2019 19:40:23 server cerrado.
20/11/2019 19:40:26 server cerrado.
20/11/2019 19:40:51 server iniciado 0.3.5
20/11/2019 19:43:21 server cerrado.
20/11/2019 19:46:11 server iniciado 0.3.5
20/11/2019 19:46:40 server cerrado.
20/11/2019 20:23:09 server iniciado 0.3.5
20/11/2019 20:23:57 server cerrado.
20/11/2019 20:24:07 server iniciado 0.3.5
21/11/2019 1:48:41 server cerrado.
25/11/2019 19:43:16 server iniciado 0.3.5
25/11/2019 20:19:31 server cerrado.
26/11/2019 0:02:24 server iniciado 0.3.5
26/11/2019 0:08:52 server cerrado.
26/11/2019 0:08:57 server iniciado 0.3.5
26/11/2019 0:14:09 server cerrado.
26/11/2019 0:15:34 server iniciado 0.3.5
26/11/2019 0:17:11 server cerrado.
26/11/2019 0:19:40 server iniciado 0.3.5
26/11/2019 0:28:40 server cerrado.
26/11/2019 15:03:24 server iniciado 0.3.5
26/11/2019 15:04:33 server cerrado.
26/11/2019 15:06:49 server iniciado 0.3.5
26/11/2019 15:07:02 server cerrado.
28/11/2019 16:57:12 server iniciado 0.3.5
28/11/2019 16:58:08 server cerrado.
09/12/2019 18:49:05 server iniciado 0.3.5
09/12/2019 19:02:21 server cerrado.
10/12/2019 16:27:01 server iniciado 0.3.5
10/12/2019 16:27:42 server cerrado.
10/12/2019 16:28:31 server iniciado 0.3.5
10/12/2019 16:29:04 server cerrado.
10/12/2019 16:30:00 server iniciado 0.3.5
10/12/2019 17:52:38 server cerrado.
10/12/2019 17:52:41 server iniciado 0.3.5
10/12/2019 18:12:05 server cerrado.
10/12/2019 18:41:35 server iniciado 0.3.5
10/12/2019 18:43:50 server cerrado.
10/12/2019 18:45:22 server iniciado 0.3.5
10/12/2019 18:59:17 server iniciado 0.3.5
10/12/2019 19:06:55 server iniciado 0.3.5
10/12/2019 19:13:27 server iniciado 0.3.5
10/12/2019 19:13:57 server cerrado.
10/12/2019 19:14:01 server iniciado 0.3.5
