23/08/2019 01:28:11 a.m. Se conecto con ip:181.169.214.18/109435960000384#BFEBFBFF000106CA/316934374
23/08/2019 01:28:16 a.m. /INVISIBLE
23/08/2019 01:28:21 a.m. Dijo: mira esta fachita
23/08/2019 01:28:23 a.m. Dijo:  
23/08/2019 01:28:26 a.m. Dijo: ajssjaaj
23/08/2019 01:28:37 a.m. Dijo: ajajjaajajajajajaja
23/08/2019 01:28:39 a.m. Dijo:  
23/08/2019 01:29:07 a.m. Dijo:  /ban plotem@por hacerse el loquiollo@para100pre
23/08/2019 01:29:12 a.m. Dijo:  
23/08/2019 01:29:28 a.m. Agarro:1 Objeto:Túnica de Game Masters
23/08/2019 01:29:34 a.m. Transportó a Pown hacia Mapa194 X:69 Y:74
23/08/2019 01:29:43 a.m. Dijo: asajajaja
23/08/2019 01:29:45 a.m. Agarro:1 Objeto:Anillo de Dios Destructor
23/08/2019 01:30:27 a.m. Se conecto con ip:181.169.214.18/109435960000384#BFEBFBFF000106CA/316934374
23/08/2019 01:30:30 a.m. /INVISIBLE
23/08/2019 01:30:35 a.m. Dijo: Me tiro runtime
23/08/2019 01:30:41 a.m. Dijo:  
23/08/2019 01:30:59 a.m. Dijo: Creo que si
23/08/2019 01:31:10 a.m. Dijo: O EN EL ANILLO DE LA DESTRUCCION CUANDO HICE EL DRAG
23/08/2019 01:31:18 a.m. Dijo: Se
23/08/2019 01:31:18 a.m. Dijo:  
23/08/2019 01:31:20 a.m. Dijo: Sip
23/08/2019 01:31:23 a.m. Dijo: Aver
23/08/2019 01:31:28 a.m. Dijo: tata
23/08/2019 01:31:31 a.m. Dijo: No se porque
23/08/2019 01:31:35 a.m. Dijo: Me habrá tirado ese runtime
23/08/2019 01:31:40 a.m. Dijo:  
23/08/2019 01:31:46 a.m. Dijo: Dale
23/08/2019 01:31:47 a.m. Dijo:  
23/08/2019 01:32:02 a.m. Dijo: AJJAAJA
23/08/2019 01:32:04 a.m. Dijo: SEEEEEEE
23/08/2019 01:32:05 a.m. Dijo: AJAJ
23/08/2019 01:32:06 a.m. Dijo:  
23/08/2019 01:32:11 a.m. Dijo: Salio acompañado eso
23/08/2019 01:32:14 a.m. Dijo: Wsyo
23/08/2019 01:32:15 a.m. Dijo: JAJAJAJA
23/08/2019 01:32:25 a.m. Dijo:  
23/08/2019 01:32:28 a.m. Dijo: DAME 
23/08/2019 01:32:30 a.m. Dijo: )?
23/08/2019 01:32:30 a.m. Dijo:  
23/08/2019 01:33:01 a.m. Dijo:  
23/08/2019 01:33:03 a.m. Dijo: Ya sabe
23/08/2019 01:33:12 a.m. Dijo: Estamos vigilados
23/08/2019 01:33:27 a.m. Dijo: Ese video que me pasaste que es?
23/08/2019 01:33:35 a.m. Dijo:  
23/08/2019 01:33:40 a.m. Dijo: Okey
23/08/2019 01:33:45 a.m. Dijo: aHORA LO VEO
23/08/2019 01:33:46 a.m. Dijo:  
23/08/2019 01:33:48 a.m. Agarro:1 Objeto:Dsp
23/08/2019 01:33:54 a.m. Agarro:4000 Objeto:Monedas de oro
23/08/2019 01:33:54 a.m. Agarro:10000 Objeto:Monedas de oro
23/08/2019 01:33:55 a.m. Agarro:10000 Objeto:Monedas de oro
23/08/2019 01:33:55 a.m. Agarro:10000 Objeto:Monedas de oro
23/08/2019 01:33:55 a.m. Agarro:10000 Objeto:Monedas de oro
23/08/2019 01:33:56 a.m. Agarro:10000 Objeto:Monedas de oro
23/08/2019 01:34:10 a.m. Dijo:  
23/08/2019 01:34:25 a.m. Agarro:2500 Objeto:Dsp
23/08/2019 01:34:28 a.m. Agarro:5000 Objeto:Moneda de Eldhir
23/08/2019 01:34:32 a.m. /INVISIBLE
23/08/2019 01:34:33 a.m. Dijo: sII
23/08/2019 01:34:33 a.m. Dijo:  
23/08/2019 01:34:34 a.m. /INVISIBLE
23/08/2019 01:34:35 a.m. Dijo: Sisi
23/08/2019 01:34:36 a.m. Dijo:  
23/08/2019 01:34:41 a.m. Transportó a Pown hacia Mapa194 X:63 Y:75
23/08/2019 01:34:44 a.m. Transportó a Pown hacia Mapa194 X:62 Y:72
23/08/2019 01:34:47 a.m. Transportó a Pown hacia Mapa194 X:64 Y:72
23/08/2019 01:34:47 a.m. Transportó a Pown hacia Mapa194 X:65 Y:72
23/08/2019 01:34:49 a.m. Transportó a Pown hacia Mapa194 X:65 Y:73
23/08/2019 01:34:49 a.m. Agarro:1 Objeto:Túnica Daikhiri  [ORO]
23/08/2019 01:34:55 a.m. Dijo: vamo niuvel
23/08/2019 01:34:56 a.m. Dijo:  
23/08/2019 01:35:02 a.m. Dijo: Dale
23/08/2019 01:35:10 a.m. Dijo: Me das un PHOREL KUL HO
23/08/2019 01:35:17 a.m. Dijo: XD
23/08/2019 01:35:18 a.m. Dijo:  
23/08/2019 01:35:30 a.m. Dijo:  /ACC 706
23/08/2019 01:35:47 a.m. Agarro:5200 Objeto:Monedas de oro
23/08/2019 01:35:47 a.m. Agarro:10000 Objeto:Monedas de oro
23/08/2019 01:36:01 a.m. Dijo: Ninguna
23/08/2019 01:36:04 a.m. Dijo: Estoy más que bien
23/08/2019 01:36:05 a.m. Dijo:  
23/08/2019 01:36:06 a.m. Agarro:4 Objeto:Dsp
23/08/2019 01:36:29 a.m. Dijo: Me das un Porel kul
23/08/2019 01:36:32 a.m. Dijo:  
23/08/2019 01:36:34 a.m. Transportó a Pown hacia Mapa194 X:63 Y:73
23/08/2019 01:36:34 a.m. Agarro:4 Objeto:Dsp
23/08/2019 01:36:39 a.m. Transportó a Pown hacia Mapa194 X:64 Y:73
23/08/2019 01:36:39 a.m. Agarro:1600 Objeto:Monedas de oro
23/08/2019 01:36:40 a.m. Transportó a Pown hacia Mapa194 X:64 Y:72
23/08/2019 01:36:40 a.m. Agarro:10000 Objeto:Monedas de oro
23/08/2019 01:36:41 a.m. Transportó a Pown hacia Mapa194 X:65 Y:72
23/08/2019 01:36:41 a.m. Transportó a Pown hacia Mapa194 X:65 Y:72
23/08/2019 01:36:41 a.m. Agarro:6800 Objeto:Monedas de oro
23/08/2019 01:36:42 a.m. Transportó a Pown hacia Mapa194 X:66 Y:72
23/08/2019 01:36:42 a.m. Agarro:10000 Objeto:Monedas de oro
23/08/2019 01:36:42 a.m. Transportó a Pown hacia Mapa194 X:67 Y:72
23/08/2019 01:36:43 a.m. Agarro:10000 Objeto:Monedas de oro
23/08/2019 01:36:43 a.m. Transportó a Pown hacia Mapa194 X:66 Y:73
23/08/2019 01:36:44 a.m. Agarro:10000 Objeto:Monedas de oro
23/08/2019 01:36:45 a.m. Transportó a Pown hacia Mapa194 X:65 Y:73
23/08/2019 01:36:45 a.m. Agarro:10000 Objeto:Monedas de oro
23/08/2019 01:36:48 a.m. Dijo: se
23/08/2019 01:36:51 a.m. Dijo: stá descargando
23/08/2019 01:37:08 a.m. Dijo: Dame el echi ese
23/08/2019 01:37:16 a.m. Agarro:1 Objeto:X el culo
23/08/2019 01:37:19 a.m. Dijo:  
23/08/2019 01:37:21 a.m. Dijo:  
23/08/2019 01:37:28 a.m. Utilizó un teleport hacia el mapa 1 (50,50)
23/08/2019 01:37:28 a.m. Transportó a Pown hacia Mapa194 X:69 Y:71
23/08/2019 01:37:31 a.m. Transportó a Pown hacia Mapa1 X:59 Y:46
23/08/2019 01:37:57 a.m. Transportó a Pown hacia Mapa1 X:59 Y:49
23/08/2019 01:38:07 a.m. /INVISIBLE
23/08/2019 01:38:32 a.m. Transportó a Pown hacia Mapa1 X:55 Y:43
23/08/2019 01:38:39 a.m. Transportó a Pown hacia Mapa1 X:52 Y:48
23/08/2019 01:38:42 a.m. /INVISIBLE
23/08/2019 01:38:43 a.m. Dijo: E
23/08/2019 01:38:50 a.m. Dijo: Me das una coro de esas
23/08/2019 01:38:54 a.m. Dijo:  
23/08/2019 01:38:57 a.m. Dijo: djadsj
23/08/2019 01:38:57 a.m. Dijo:  
23/08/2019 01:39:05 a.m. Dijo: corona
23/08/2019 01:39:10 a.m. Dijo: sabes que mejor no quiero nada
23/08/2019 01:39:12 a.m. Dijo:  
23/08/2019 01:39:50 a.m. /CT 1,50,59,0
23/08/2019 01:39:55 a.m. /CT 1,50,59,0
23/08/2019 01:39:56 a.m. /CT 1,50,59,0
23/08/2019 01:39:59 a.m. Dijo: no
23/08/2019 01:40:00 a.m. Dijo:  
23/08/2019 01:40:01 a.m. Tiró cantidad:1 Objeto:Túnica Daikhiri  [ORO]
23/08/2019 01:40:02 a.m. Agarro:1 Objeto:Túnica Daikhiri  [ORO]
23/08/2019 01:40:11 a.m. /INVISIBLE
23/08/2019 01:40:34 a.m. Transportó a Pown hacia Mapa1 X:53 Y:57
23/08/2019 01:40:35 a.m. Transportó a Pown hacia Mapa1 X:53 Y:61
23/08/2019 01:40:38 a.m. Transportó a Pown hacia Mapa1 X:48 Y:74
23/08/2019 01:40:52 a.m. Mensaje a Gms:ajam,
23/08/2019 01:41:09 a.m. /INVISIBLE
23/08/2019 01:41:14 a.m. Dijo: como anda chiques
23/08/2019 01:41:14 a.m. /INVISIBLE
23/08/2019 01:41:15 a.m. Dijo:  
23/08/2019 01:42:06 a.m. Mensaje Broadcast:Bueno, vamos a activar de nuevo el ao. Inviten a sus amigos y hacemos noche de eventos
23/08/2019 01:42:27 a.m. /INVISIBLE
23/08/2019 01:42:30 a.m. /INVISIBLE
23/08/2019 01:42:31 a.m. Transportó a Pown hacia Mapa1 X:50 Y:56
23/08/2019 01:42:32 a.m. Transportó a Pown hacia Mapa1 X:46 Y:61
23/08/2019 01:42:32 a.m. Transportó a Pown hacia Mapa1 X:44 Y:67
23/08/2019 01:42:34 a.m. Transportó a Pown hacia Mapa1 X:43 Y:72
23/08/2019 01:42:58 a.m. Transportó a Pown hacia Mapa1 X:43 Y:74
23/08/2019 01:42:59 a.m. Transportó a Pown hacia Mapa1 X:46 Y:74
23/08/2019 01:43:09 a.m. Transportó a Pown hacia Mapa1 X:40 Y:74
23/08/2019 01:43:12 a.m. Transportó a Pown hacia Mapa1 X:37 Y:74
23/08/2019 01:43:17 a.m. Transportó a Pown hacia Mapa1 X:44 Y:74
23/08/2019 01:43:18 a.m. Transportó a Pown hacia Mapa1 X:48 Y:74
23/08/2019 01:43:32 a.m. /INVISIBLE
23/08/2019 01:43:33 a.m. /INVISIBLE
23/08/2019 01:43:49 a.m. Mensaje a Gms:Donde andan
23/08/2019 01:43:53 a.m. Utilizó un teleport hacia el mapa 197 (49,46)
23/08/2019 01:43:58 a.m. /INVISIBLE
23/08/2019 01:43:58 a.m. Agarro:6 Objeto:Dsp
23/08/2019 01:43:58 a.m. Agarro:6 Objeto:Dsp
23/08/2019 01:44:02 a.m. Transportó a Pown hacia Mapa194 X:76 Y:72
23/08/2019 01:44:02 a.m. Agarro:6 Objeto:Dsp
23/08/2019 01:44:04 a.m. Transportó a Pown hacia Mapa194 X:77 Y:72
23/08/2019 01:44:04 a.m. Agarro:1760 Objeto:Monedas de oro
23/08/2019 01:44:04 a.m. Transportó a Pown hacia Mapa194 X:76 Y:73
23/08/2019 01:44:04 a.m. Agarro:1600 Objeto:Monedas de oro
23/08/2019 01:44:05 a.m. Transportó a Pown hacia Mapa194 X:75 Y:75
23/08/2019 01:44:06 a.m. Agarro:1600 Objeto:Monedas de oro
23/08/2019 01:44:11 a.m. Dijo:  
23/08/2019 01:44:13 a.m. Dijo:  
23/08/2019 01:44:15 a.m. Dijo:  
23/08/2019 01:44:16 a.m. Dijo:  
23/08/2019 01:44:19 a.m. Dijo:  
23/08/2019 01:44:21 a.m. Transportó a Pown hacia Mapa194 X:73 Y:69
23/08/2019 01:44:21 a.m. Agarro:6 Objeto:Dsp
23/08/2019 01:44:57 a.m. Transportó a Pown hacia Mapa194 X:28 Y:73
23/08/2019 01:44:58 a.m. Transportó a Pown hacia Mapa194 X:29 Y:69
23/08/2019 01:44:59 a.m. Transportó a Pown hacia Mapa194 X:34 Y:72
23/08/2019 01:45:00 a.m. Transportó a Pown hacia Mapa194 X:22 Y:63
23/08/2019 01:45:01 a.m. Transportó a Pown hacia Mapa194 X:16 Y:61
23/08/2019 01:45:02 a.m. Transportó a Pown hacia Mapa194 X:19 Y:64
23/08/2019 01:45:03 a.m. Transportó a Pown hacia Mapa194 X:18 Y:65
23/08/2019 01:45:05 a.m. Transportó a Pown hacia Mapa194 X:25 Y:47
23/08/2019 01:45:07 a.m. Transportó a Pown hacia Mapa194 X:29 Y:45
23/08/2019 01:45:12 a.m. Dijo: e
23/08/2019 01:45:21 a.m. Dijo:  /rmata
23/08/2019 01:45:25 a.m. Dijo: a todos los bicho
23/08/2019 01:45:26 a.m. Dijo:  
23/08/2019 01:45:33 a.m. Pownha cancelado un torneo.
23/08/2019 01:45:39 a.m. Dijo: e
23/08/2019 01:45:41 a.m. Dijo: como cancelo evento
23/08/2019 01:45:47 a.m. Mensaje a Gms:como cancelo evento
23/08/2019 01:45:48 a.m. Transportó a Pown hacia Mapa194 X:39 Y:37
23/08/2019 01:45:49 a.m. Transportó a Pown hacia Mapa194 X:44 Y:37
23/08/2019 01:45:50 a.m. Transportó a Pown hacia Mapa194 X:49 Y:37
23/08/2019 01:45:51 a.m. Transportó a Pown hacia Mapa194 X:54 Y:37
23/08/2019 01:45:51 a.m. Transportó a Pown hacia Mapa194 X:59 Y:37
23/08/2019 01:45:52 a.m. Transportó a Pown hacia Mapa194 X:64 Y:37
23/08/2019 01:45:54 a.m. Transportó a Pown hacia Mapa194 X:70 Y:33
23/08/2019 01:46:09 a.m. Mensaje a Gms:se está descargando el reproductor
23/08/2019 01:46:31 a.m. Mensaje a Gms:En un toque vengo voy a ver el video.
23/08/2019 02:00:38 a.m. Se conecto con ip:181.169.214.18/109435960000384#BFEBFBFF000106CA/316934374
23/08/2019 02:00:48 a.m. Mensaje a Gms:¿Estás zoom?
23/08/2019 02:00:57 a.m. Mensaje a Gms:sumoneame
23/08/2019 02:01:06 a.m. /INVISIBLE
23/08/2019 02:01:17 a.m. Dijo:  /masskill
23/08/2019 02:01:22 a.m. Dijo: se
23/08/2019 02:01:23 a.m. Dijo:  
23/08/2019 02:01:28 a.m. Transportó a Pown hacia Mapa194 X:24 Y:39
23/08/2019 02:01:29 a.m. Agarro:25 Objeto:Dsp
23/08/2019 02:01:36 a.m. Agarro:10000 Objeto:Monedas de oro
23/08/2019 02:01:36 a.m. Agarro:10000 Objeto:Monedas de oro
23/08/2019 02:01:36 a.m. Agarro:10000 Objeto:Monedas de oro
23/08/2019 02:01:37 a.m. Agarro:10000 Objeto:Monedas de oro
23/08/2019 02:01:39 a.m. Agarro:10000 Objeto:Monedas de oro
23/08/2019 02:01:43 a.m. Transportó a Pown hacia Mapa194 X:35 Y:36
23/08/2019 02:01:44 a.m. Transportó a Pown hacia Mapa194 X:35 Y:36
23/08/2019 02:01:44 a.m. Agarro:1 Objeto:Sombrero de Mago
23/08/2019 02:01:44 a.m. Agarro:10000 Objeto:Monedas de oro
23/08/2019 02:01:49 a.m. /INVISIBLE
23/08/2019 02:02:17 a.m. /INVISIBLE
23/08/2019 02:02:21 a.m. Dijo: Ya vi el vi
23/08/2019 02:02:30 a.m. Mensaje a Gms:Pera bldo me sumoneo Zoom
23/08/2019 02:02:37 a.m. Dijo: Si, ya vi el vídeo
23/08/2019 02:02:44 a.m. Dijo: Sisi
23/08/2019 02:02:54 a.m. Dijo:  
23/08/2019 02:02:57 a.m. Dijo: Genial
23/08/2019 02:03:12 a.m. Dijo: xd
23/08/2019 02:03:13 a.m. Dijo:  
23/08/2019 02:03:24 a.m. Dijo: e
23/08/2019 02:03:25 a.m. Dijo: como era
23/08/2019 02:03:28 a.m. Dijo: para hacer el evento?
23/08/2019 02:03:31 a.m. Dijo:  
23/08/2019 02:04:26 a.m. Dijo: Sisi, lo único medio confundido que es lo de 0
23/08/2019 02:04:33 a.m. Dijo: Lucas
23/08/2019 02:04:34 a.m. Dijo:  
23/08/2019 02:04:52 a.m. Dijo: solo
23/08/2019 02:04:54 a.m. Dijo: en enfrentamiento
23/08/2019 02:04:56 a.m. Dijo: o  noi?
23/08/2019 02:04:58 a.m. Dijo:  
23/08/2019 02:05:01 a.m. Dijo: Ah bueno
23/08/2019 02:05:14 a.m. Dijo: ok
23/08/2019 02:05:20 a.m. Transportó a Pown hacia Mapa194 X:63 Y:70
23/08/2019 02:05:22 a.m. Transportó a Pown hacia Mapa194 X:64 Y:70
23/08/2019 02:05:22 a.m. Transportó a Pown hacia Mapa194 X:65 Y:71
23/08/2019 02:05:22 a.m. Transportó a Pown hacia Mapa194 X:66 Y:72
23/08/2019 02:05:23 a.m. Transportó a Pown hacia Mapa194 X:65 Y:71
23/08/2019 02:05:23 a.m. Transportó a Pown hacia Mapa194 X:66 Y:71
23/08/2019 02:05:23 a.m. Transportó a Pown hacia Mapa194 X:65 Y:71
23/08/2019 02:05:24 a.m. Transportó a Pown hacia Mapa194 X:65 Y:71
23/08/2019 02:05:24 a.m. Transportó a Pown hacia Mapa194 X:65 Y:71
23/08/2019 02:05:24 a.m. Transportó a Pown hacia Mapa194 X:64 Y:70
23/08/2019 02:05:24 a.m. Transportó a Pown hacia Mapa194 X:64 Y:71
23/08/2019 02:05:24 a.m. Agarro:1 Objeto:Túnica Apocaliptica RM+3  [ORO]
23/08/2019 02:05:27 a.m. Transportó a Pown hacia Mapa194 X:67 Y:72
23/08/2019 02:05:27 a.m. Agarro:3 Objeto:Túnica Promocional
23/08/2019 02:05:28 a.m. Transportó a Pown hacia Mapa194 X:68 Y:73
23/08/2019 02:05:42 a.m. Dijo:  
23/08/2019 02:05:44 a.m. Utilizó un teleport hacia el mapa 1 (50,50)
23/08/2019 02:05:54 a.m. /INVISIBLE
23/08/2019 02:05:58 a.m. /INVISIBLE
23/08/2019 02:06:43 a.m. Transportó a Pown hacia Mapa1 X:57 Y:50
23/08/2019 02:06:45 a.m. Transportó a Pown hacia Mapa1 X:51 Y:51
23/08/2019 02:06:48 a.m. Resucito a pown
23/08/2019 02:07:44 a.m. Mensaje a Gms:entren 1v1
23/08/2019 02:08:56 a.m. Mensaje a Gms:Snow a.k.a pato criollo
23/08/2019 02:09:34 a.m. Mensaje a Gms:entren 1v1
23/08/2019 02:10:23 a.m. Dijo:  
23/08/2019 02:10:46 a.m. /INVISIBLE
23/08/2019 02:11:15 a.m. Resucito a hard
23/08/2019 02:11:19 a.m. /INVISIBLE
23/08/2019 02:11:58 a.m. Transportó a Pown hacia Mapa1 X:51 Y:53
23/08/2019 02:12:02 a.m. Dijo:  
23/08/2019 02:12:10 a.m. /INVISIBLE
23/08/2019 02:12:19 a.m. Se conecto con ip:181.169.214.18/109435960000384#BFEBFBFF000106CA/316934374
23/08/2019 02:12:27 a.m. /INVISIBLE
23/08/2019 02:12:29 a.m. /INVISIBLE
23/08/2019 02:13:09 a.m. Se conecto con ip:181.169.214.18/109435960000384#BFEBFBFF000106CA/316934374
23/08/2019 02:13:11 a.m. /INVISIBLE
23/08/2019 02:13:14 a.m. /INVISIBLE
23/08/2019 02:13:14 a.m. /INVISIBLE
23/08/2019 02:13:19 a.m. /INVISIBLE
23/08/2019 02:13:25 a.m. /INVISIBLE
23/08/2019 02:13:56 a.m. Dijo: cha
23/08/2019 02:13:57 a.m. Dijo:  
23/08/2019 02:14:06 a.m. Dijo: chau
23/08/2019 02:14:07 a.m. Dijo: ahora
23/08/2019 02:14:07 a.m. Dijo:  
23/08/2019 02:14:09 a.m. Dijo: be
23/08/2019 02:14:09 a.m. Dijo:  
23/08/2019 02:14:11 a.m. Dijo: cha
23/08/2019 02:14:13 a.m. Dijo: u
23/08/2019 02:14:13 a.m. Dijo:  
23/08/2019 02:14:15 a.m. Dijo: uu
23/08/2019 02:14:16 a.m. Dijo: chau
23/08/2019 02:14:19 a.m. Dijo: ahora
23/08/2019 02:14:19 a.m. Dijo:  
23/08/2019 02:14:20 a.m. Dijo: non
23/08/2019 02:14:21 a.m. Dijo: vye
23/08/2019 02:14:22 a.m. Dijo:  
23/08/2019 02:14:24 a.m. Dijo: aui
23/08/2019 02:14:25 a.m. Dijo:  
23/08/2019 02:14:26 a.m. Dijo: lpm
23/08/2019 02:14:26 a.m. Dijo: viene
23/08/2019 02:14:28 a.m. Dijo: uf
23/08/2019 02:14:29 a.m. Dijo:  
23/08/2019 02:14:31 a.m. Dijo: nonono
23/08/2019 02:14:35 a.m. Dijo: la 
23/08/2019 02:14:36 a.m. Dijo: cncha
23/08/2019 02:14:36 a.m. Dijo: de
23/08/2019 02:14:37 a.m. Dijo: la
23/08/2019 02:14:39 a.m. Dijo: lora
23/08/2019 02:14:39 a.m. Dijo: bob
23/08/2019 02:14:41 a.m. Dijo: esponja
23/08/2019 02:14:42 a.m. Dijo:  
23/08/2019 02:14:50 a.m. /INVISIBLE
23/08/2019 02:14:51 a.m. /INVISIBLE
23/08/2019 02:14:52 a.m. Transportó a Pown hacia Mapa1 X:50 Y:51
23/08/2019 02:15:28 a.m. Se conecto con ip:181.169.214.18/109435960000384#BFEBFBFF000106CA/316934374
23/08/2019 02:16:25 a.m. Mensaje a Gms:Bueno chicas me voy a dormir porque si no mañana va a faltar el pibe mas facha de la escuela
23/08/2019 02:16:30 a.m. /INVISIBLE
23/08/2019 02:16:53 a.m. /INVISIBLE
23/08/2019 02:16:55 a.m. /INVISIBLE
23/08/2019 02:17:03 a.m. Dijo: zije fe
23/08/2019 02:17:18 a.m. Transportó a Pown hacia Mapa211 X:50 Y:50
23/08/2019 02:17:20 a.m. Transportó a Pown hacia Mapa211 X:53 Y:46
23/08/2019 02:17:20 a.m. Transportó a Pown hacia Mapa211 X:57 Y:43
23/08/2019 02:17:21 a.m. Transportó a Pown hacia Mapa211 X:61 Y:40
23/08/2019 02:17:21 a.m. Transportó a Pown hacia Mapa211 X:59 Y:37
23/08/2019 02:17:21 a.m. Transportó a Pown hacia Mapa211 X:61 Y:34
23/08/2019 02:17:22 a.m. Transportó a Pown hacia Mapa211 X:58 Y:31
23/08/2019 02:17:22 a.m. Transportó a Pown hacia Mapa211 X:56 Y:26
23/08/2019 02:17:22 a.m. Transportó a Pown hacia Mapa211 X:51 Y:27
23/08/2019 02:17:23 a.m. Transportó a Pown hacia Mapa211 X:46 Y:25
23/08/2019 02:17:23 a.m. Transportó a Pown hacia Mapa211 X:45 Y:21
23/08/2019 02:17:24 a.m. Transportó a Pown hacia Mapa211 X:47 Y:17
23/08/2019 02:17:24 a.m. Transportó a Pown hacia Mapa211 X:47 Y:17
23/08/2019 02:17:24 a.m. Transportó a Pown hacia Mapa211 X:49 Y:13
23/08/2019 02:17:24 a.m. Transportó a Pown hacia Mapa211 X:52 Y:9
23/08/2019 02:17:25 a.m. Transportó a Pown hacia Mapa211 X:52 Y:9
23/08/2019 02:17:26 a.m. Transportó a Pown hacia Mapa211 X:57 Y:9
23/08/2019 02:17:26 a.m. Transportó a Pown hacia Mapa211 X:61 Y:12
23/08/2019 02:17:26 a.m. Transportó a Pown hacia Mapa211 X:65 Y:16
23/08/2019 02:17:27 a.m. Transportó a Pown hacia Mapa211 X:65 Y:17
23/08/2019 02:17:27 a.m. Transportó a Pown hacia Mapa211 X:67 Y:21
23/08/2019 02:17:27 a.m. Transportó a Pown hacia Mapa211 X:66 Y:26
23/08/2019 02:17:28 a.m. Transportó a Pown hacia Mapa211 X:66 Y:26
23/08/2019 02:17:28 a.m. Transportó a Pown hacia Mapa211 X:68 Y:31
23/08/2019 02:17:28 a.m. Transportó a Pown hacia Mapa211 X:68 Y:31
23/08/2019 02:17:28 a.m. Transportó a Pown hacia Mapa211 X:71 Y:35
23/08/2019 02:17:29 a.m. Transportó a Pown hacia Mapa211 X:74 Y:39
23/08/2019 02:17:29 a.m. Transportó a Pown hacia Mapa211 X:77 Y:43
23/08/2019 02:17:29 a.m. Transportó a Pown hacia Mapa211 X:82 Y:47
23/08/2019 02:17:30 a.m. Transportó a Pown hacia Mapa211 X:88 Y:49
23/08/2019 02:17:30 a.m. Transportó a Pown hacia Mapa211 X:83 Y:51
23/08/2019 02:17:30 a.m. Transportó a Pown hacia Mapa211 X:89 Y:53
23/08/2019 02:17:30 a.m. Transportó a Pown hacia Mapa211 X:81 Y:55
23/08/2019 02:17:31 a.m. Transportó a Pown hacia Mapa211 X:77 Y:59
23/08/2019 02:17:31 a.m. Transportó a Pown hacia Mapa211 X:76 Y:57
23/08/2019 02:17:32 a.m. Transportó a Pown hacia Mapa211 X:71 Y:58
23/08/2019 02:17:32 a.m. Transportó a Pown hacia Mapa211 X:65 Y:61
23/08/2019 02:17:32 a.m. Transportó a Pown hacia Mapa211 X:65 Y:60
23/08/2019 02:17:32 a.m. Transportó a Pown hacia Mapa211 X:58 Y:62
23/08/2019 02:17:33 a.m. Transportó a Pown hacia Mapa211 X:51 Y:62
23/08/2019 02:17:33 a.m. Transportó a Pown hacia Mapa211 X:51 Y:62
23/08/2019 02:17:34 a.m. Transportó a Pown hacia Mapa211 X:44 Y:62
23/08/2019 02:17:34 a.m. Transportó a Pown hacia Mapa211 X:44 Y:62
23/08/2019 02:17:35 a.m. Transportó a Pown hacia Mapa211 X:37 Y:62
23/08/2019 02:17:35 a.m. Transportó a Pown hacia Mapa211 X:30 Y:62
23/08/2019 02:17:36 a.m. Transportó a Pown hacia Mapa211 X:23 Y:62
23/08/2019 02:17:40 a.m. Resucito a pown
23/08/2019 02:17:50 a.m. Transportó a Pown hacia Mapa211 X:23 Y:59
23/08/2019 02:17:50 a.m. Agarro:1 Objeto:Espada mata Dragones
23/08/2019 02:17:51 a.m. Transportó a Pown hacia Mapa211 X:23 Y:62
23/08/2019 02:18:14 a.m. Transportó a Pown hacia Mapa196 X:35 Y:30
23/08/2019 02:18:17 a.m. Transportó a Pown hacia Mapa196 X:34 Y:25
23/08/2019 02:18:17 a.m. Transportó a Pown hacia Mapa196 X:33 Y:20
23/08/2019 02:18:18 a.m. Transportó a Pown hacia Mapa196 X:25 Y:19
23/08/2019 02:18:18 a.m. Transportó a Pown hacia Mapa196 X:18 Y:19
23/08/2019 02:18:19 a.m. Transportó a Pown hacia Mapa196 X:11 Y:19
23/08/2019 02:18:20 a.m. Transportó a Pown hacia Mapa196 X:17 Y:21
23/08/2019 02:18:20 a.m. Transportó a Pown hacia Mapa196 X:19 Y:20
23/08/2019 02:18:20 a.m. Transportó a Pown hacia Mapa196 X:25 Y:22
23/08/2019 02:18:20 a.m. Transportó a Pown hacia Mapa196 X:27 Y:21
23/08/2019 02:18:21 a.m. Transportó a Pown hacia Mapa196 X:34 Y:22
23/08/2019 02:18:21 a.m. Transportó a Pown hacia Mapa196 X:40 Y:23
23/08/2019 02:18:21 a.m. Transportó a Pown hacia Mapa196 X:40 Y:23
23/08/2019 02:18:21 a.m. Transportó a Pown hacia Mapa196 X:46 Y:24
23/08/2019 02:18:22 a.m. Transportó a Pown hacia Mapa196 X:52 Y:25
23/08/2019 02:18:22 a.m. Transportó a Pown hacia Mapa196 X:58 Y:25
23/08/2019 02:18:23 a.m. Transportó a Pown hacia Mapa196 X:64 Y:25
23/08/2019 02:18:23 a.m. Transportó a Pown hacia Mapa196 X:64 Y:25
23/08/2019 02:18:23 a.m. Transportó a Pown hacia Mapa196 X:66 Y:27
23/08/2019 02:18:24 a.m. Transportó a Pown hacia Mapa196 X:65 Y:28
23/08/2019 02:18:24 a.m. Transportó a Pown hacia Mapa196 X:64 Y:30
23/08/2019 02:18:24 a.m. Transportó a Pown hacia Mapa196 X:62 Y:31
23/08/2019 02:18:24 a.m. Transportó a Pown hacia Mapa196 X:59 Y:33
23/08/2019 02:18:24 a.m. Transportó a Pown hacia Mapa196 X:57 Y:34
23/08/2019 02:18:25 a.m. Transportó a Pown hacia Mapa196 X:54 Y:38
23/08/2019 02:18:25 a.m. Transportó a Pown hacia Mapa196 X:54 Y:38
23/08/2019 02:18:25 a.m. Transportó a Pown hacia Mapa196 X:51 Y:42
23/08/2019 02:18:26 a.m. Transportó a Pown hacia Mapa196 X:51 Y:42
23/08/2019 02:18:26 a.m. Transportó a Pown hacia Mapa196 X:51 Y:47
23/08/2019 02:18:27 a.m. Transportó a Pown hacia Mapa196 X:50 Y:52
23/08/2019 02:18:27 a.m. Transportó a Pown hacia Mapa196 X:50 Y:52
23/08/2019 02:18:27 a.m. Transportó a Pown hacia Mapa196 X:49 Y:57
23/08/2019 02:18:27 a.m. Transportó a Pown hacia Mapa196 X:49 Y:57
23/08/2019 02:18:28 a.m. Transportó a Pown hacia Mapa196 X:49 Y:62
23/08/2019 02:18:28 a.m. Transportó a Pown hacia Mapa196 X:50 Y:62
23/08/2019 02:18:28 a.m. Transportó a Pown hacia Mapa196 X:51 Y:67
23/08/2019 02:18:28 a.m. Transportó a Pown hacia Mapa196 X:52 Y:67
23/08/2019 02:18:28 a.m. Transportó a Pown hacia Mapa196 X:53 Y:72
23/08/2019 02:18:29 a.m. Transportó a Pown hacia Mapa196 X:55 Y:77
23/08/2019 02:18:29 a.m. Transportó a Pown hacia Mapa196 X:59 Y:75
23/08/2019 02:18:30 a.m. Transportó a Pown hacia Mapa196 X:56 Y:72
23/08/2019 02:18:31 a.m. Transportó a Pown hacia Mapa196 X:56 Y:72
23/08/2019 02:18:31 a.m. Transportó a Pown hacia Mapa196 X:58 Y:68
23/08/2019 02:18:32 a.m. Transportó a Pown hacia Mapa196 X:59 Y:66
23/08/2019 02:18:35 a.m. /CT 1,50,50,0
23/08/2019 02:18:38 a.m. Utilizó un teleport hacia el mapa 1 (50,50)
23/08/2019 02:18:38 a.m. Transportó a Pown hacia Mapa196 X:59 Y:65
23/08/2019 02:18:40 a.m. /INVISIBLE
23/08/2019 02:18:41 a.m. Transportó a Pown hacia Mapa1 X:51 Y:53
23/08/2019 02:18:41 a.m. Transportó a Pown hacia Mapa1 X:52 Y:56
23/08/2019 02:19:03 a.m. Mensaje a Gms:Hasta mañana bros, buenas noches <3
23/08/2019 01:25:10 p.m. Se conecto con ip:181.169.214.18/109435960000384#BFEBFBFF000106CA/316934374
23/08/2019 01:25:14 p.m. /INVISIBLE
23/08/2019 01:25:15 p.m. /INVISIBLE
23/08/2019 01:25:23 p.m. /IRA hard Mapa:1 X:58 Y:52
23/08/2019 01:25:38 p.m. Transportó a Pown hacia Mapa194 X:26 Y:33
23/08/2019 01:25:40 p.m. Transportó a Pown hacia Mapa194 X:31 Y:34
23/08/2019 01:25:41 p.m. Transportó a Pown hacia Mapa194 X:37 Y:37
23/08/2019 01:25:41 p.m. Transportó a Pown hacia Mapa194 X:37 Y:37
23/08/2019 01:25:41 p.m. Transportó a Pown hacia Mapa194 X:44 Y:40
23/08/2019 01:25:42 p.m. Transportó a Pown hacia Mapa194 X:50 Y:43
23/08/2019 01:25:42 p.m. Transportó a Pown hacia Mapa194 X:56 Y:43
23/08/2019 01:25:43 p.m. Transportó a Pown hacia Mapa194 X:62 Y:43
23/08/2019 01:25:43 p.m. Transportó a Pown hacia Mapa194 X:65 Y:39
23/08/2019 01:25:44 p.m. Transportó a Pown hacia Mapa194 X:68 Y:35
23/08/2019 01:25:44 p.m. Transportó a Pown hacia Mapa194 X:68 Y:34
23/08/2019 01:25:44 p.m. Transportó a Pown hacia Mapa194 X:71 Y:30
23/08/2019 01:25:44 p.m. Transportó a Pown hacia Mapa194 X:71 Y:29
23/08/2019 01:25:45 p.m. Transportó a Pown hacia Mapa194 X:73 Y:26
23/08/2019 01:25:45 p.m. Transportó a Pown hacia Mapa194 X:77 Y:24
23/08/2019 01:25:46 p.m. Transportó a Pown hacia Mapa194 X:78 Y:19
23/08/2019 01:25:46 p.m. Transportó a Pown hacia Mapa194 X:78 Y:19
23/08/2019 01:25:46 p.m. Transportó a Pown hacia Mapa194 X:79 Y:13
23/08/2019 01:25:46 p.m. Transportó a Pown hacia Mapa194 X:79 Y:13
23/08/2019 01:25:47 p.m. Transportó a Pown hacia Mapa194 X:81 Y:8
23/08/2019 01:25:47 p.m. Transportó a Pown hacia Mapa194 X:86 Y:8
23/08/2019 01:25:48 p.m. Transportó a Pown hacia Mapa194 X:88 Y:12
23/08/2019 01:25:49 p.m. Transportó a Pown hacia Mapa194 X:89 Y:17
23/08/2019 01:25:49 p.m. Transportó a Pown hacia Mapa194 X:89 Y:17
23/08/2019 01:25:49 p.m. Transportó a Pown hacia Mapa194 X:89 Y:22
23/08/2019 01:25:49 p.m. Transportó a Pown hacia Mapa194 X:87 Y:22
23/08/2019 01:25:50 p.m. Transportó a Pown hacia Mapa194 X:87 Y:27
23/08/2019 01:25:50 p.m. Transportó a Pown hacia Mapa194 X:87 Y:32
23/08/2019 01:25:50 p.m. Transportó a Pown hacia Mapa194 X:89 Y:32
23/08/2019 01:25:50 p.m. Transportó a Pown hacia Mapa194 X:86 Y:37
23/08/2019 01:25:51 p.m. Transportó a Pown hacia Mapa194 X:87 Y:36
23/08/2019 01:25:51 p.m. Transportó a Pown hacia Mapa194 X:84 Y:41
23/08/2019 01:25:51 p.m. Transportó a Pown hacia Mapa194 X:85 Y:40
23/08/2019 01:25:51 p.m. Transportó a Pown hacia Mapa194 X:82 Y:45
23/08/2019 01:25:51 p.m. Transportó a Pown hacia Mapa194 X:83 Y:44
23/08/2019 01:25:52 p.m. Transportó a Pown hacia Mapa194 X:81 Y:48
23/08/2019 01:25:52 p.m. Transportó a Pown hacia Mapa194 X:81 Y:48
23/08/2019 01:25:52 p.m. Transportó a Pown hacia Mapa194 X:78 Y:52
23/08/2019 01:25:53 p.m. Transportó a Pown hacia Mapa194 X:75 Y:56
23/08/2019 01:25:53 p.m. Transportó a Pown hacia Mapa194 X:75 Y:56
23/08/2019 01:25:53 p.m. Transportó a Pown hacia Mapa194 X:70 Y:59
23/08/2019 01:25:53 p.m. Transportó a Pown hacia Mapa194 X:70 Y:59
23/08/2019 01:25:54 p.m. Transportó a Pown hacia Mapa194 X:70 Y:63
23/08/2019 01:25:54 p.m. Transportó a Pown hacia Mapa194 X:70 Y:63
23/08/2019 01:25:55 p.m. Transportó a Pown hacia Mapa194 X:70 Y:67
23/08/2019 01:25:55 p.m. Transportó a Pown hacia Mapa194 X:70 Y:72
23/08/2019 01:25:55 p.m. Utilizó un teleport hacia el mapa 1 (50,50)
23/08/2019 01:25:55 p.m. Transportó a Pown hacia Mapa194 X:69 Y:71
23/08/2019 01:25:57 p.m. Transportó a Pown hacia Mapa1 X:53 Y:53
23/08/2019 01:25:59 p.m. Transportó a Pown hacia Mapa1 X:52 Y:56
23/08/2019 01:26:00 p.m. Utilizó un teleport hacia el mapa 197 (49,46)
23/08/2019 01:26:00 p.m. Transportó a Pown hacia Mapa1 X:51 Y:57
23/08/2019 01:26:05 p.m. Utilizó un teleport hacia el mapa 215 (17,82)
23/08/2019 01:26:15 p.m. Transportó a Pown hacia Mapa215 X:14 Y:80
23/08/2019 01:26:16 p.m. Agarro:1600 Objeto:Monedas de oro
23/08/2019 01:26:16 p.m. Transportó a Pown hacia Mapa215 X:21 Y:81
23/08/2019 01:26:17 p.m. Transportó a Pown hacia Mapa215 X:28 Y:82
23/08/2019 01:26:20 p.m. Dijo:  
23/08/2019 01:26:27 p.m. Transportó a Pown hacia Mapa215 X:34 Y:81
23/08/2019 01:26:30 p.m. Transportó a Pown hacia Mapa215 X:49 Y:80
23/08/2019 01:26:31 p.m. Transportó a Pown hacia Mapa215 X:55 Y:81
23/08/2019 01:26:31 p.m. Transportó a Pown hacia Mapa215 X:47 Y:80
23/08/2019 01:26:34 p.m. Transportó a Pown hacia Mapa215 X:38 Y:74
23/08/2019 01:26:35 p.m. Transportó a Pown hacia Mapa215 X:33 Y:68
23/08/2019 01:26:36 p.m. Transportó a Pown hacia Mapa215 X:25 Y:66
23/08/2019 01:26:37 p.m. Transportó a Pown hacia Mapa215 X:26 Y:57
23/08/2019 01:26:38 p.m. Transportó a Pown hacia Mapa215 X:28 Y:51
23/08/2019 01:26:38 p.m. Transportó a Pown hacia Mapa215 X:35 Y:49
23/08/2019 01:26:39 p.m. Transportó a Pown hacia Mapa215 X:40 Y:52
23/08/2019 01:26:40 p.m. Transportó a Pown hacia Mapa215 X:42 Y:56
23/08/2019 01:26:40 p.m. Transportó a Pown hacia Mapa215 X:49 Y:57
23/08/2019 01:26:41 p.m. Transportó a Pown hacia Mapa215 X:55 Y:56
23/08/2019 01:26:43 p.m. Dijo:  
23/08/2019 01:26:45 p.m. Dijo:  
23/08/2019 01:26:56 p.m. Mensaje Broadcast:Buenos días
23/08/2019 01:27:04 p.m. /INVISIBLE
23/08/2019 01:27:07 p.m. Dijo: Holas
23/08/2019 01:27:12 p.m. Agarro:1600 Objeto:Monedas de oro
23/08/2019 01:27:14 p.m. Dijo: bien y vos?
23/08/2019 01:27:16 p.m. Dijo:  
23/08/2019 01:27:21 p.m. Dijo: me
23/08/2019 01:27:21 p.m. Dijo: legro
23/08/2019 01:27:22 p.m. Dijo:  
23/08/2019 01:27:25 p.m. Transportó a Pown hacia Mapa215 X:33 Y:30
23/08/2019 01:27:36 p.m. Transportó a Pown hacia Mapa215 X:39 Y:27
23/08/2019 01:27:36 p.m. Agarro:4 Objeto:Dsp
23/08/2019 01:27:37 p.m. Transportó a Pown hacia Mapa215 X:37 Y:31
23/08/2019 01:27:38 p.m. Agarro:15 Objeto:Dsp
23/08/2019 01:27:40 p.m. Agarro:10000 Objeto:Monedas de oro
23/08/2019 01:27:40 p.m. Agarro:10000 Objeto:Monedas de oro
23/08/2019 01:27:41 p.m. Agarro:10000 Objeto:Monedas de oro
23/08/2019 01:27:41 p.m. Agarro:10000 Objeto:Monedas de oro
23/08/2019 01:27:42 p.m. Agarro:10000 Objeto:Monedas de oro
23/08/2019 01:27:42 p.m. Agarro:10000 Objeto:Monedas de oro
23/08/2019 01:27:42 p.m. Agarro:1760 Objeto:Monedas de oro
23/08/2019 01:27:43 p.m. Agarro:10000 Objeto:Monedas de oro
23/08/2019 01:27:43 p.m. /INVISIBLE
23/08/2019 01:27:43 p.m. Agarro:10000 Objeto:Monedas de oro
23/08/2019 01:27:43 p.m. Agarro:10000 Objeto:Monedas de oro
23/08/2019 01:27:44 p.m. Agarro:10000 Objeto:Monedas de oro
23/08/2019 01:27:44 p.m. Agarro:10000 Objeto:Monedas de oro
23/08/2019 01:27:45 p.m. Agarro:10000 Objeto:Monedas de oro
23/08/2019 01:27:45 p.m. Agarro:10000 Objeto:Monedas de oro
23/08/2019 01:27:45 p.m. Agarro:10000 Objeto:Monedas de oro
23/08/2019 01:27:47 p.m. Agarro:10000 Objeto:Monedas de oro
23/08/2019 01:27:47 p.m. Agarro:10000 Objeto:Monedas de oro
23/08/2019 01:27:52 p.m. Agarro:1760 Objeto:Monedas de oro
23/08/2019 01:27:52 p.m. Agarro:6 Objeto:Dsp
23/08/2019 01:27:52 p.m. Agarro:1600 Objeto:Monedas de oro
23/08/2019 01:27:59 p.m. /INVISIBLE
23/08/2019 01:28:05 p.m. Dijo: qsyo
23/08/2019 01:28:07 p.m. Dijo: no lo mande yo
23/08/2019 01:28:15 p.m. Transportó a Pown hacia Mapa215 X:51 Y:32
23/08/2019 01:28:16 p.m. Transportó a Pown hacia Mapa215 X:52 Y:36
23/08/2019 01:28:16 p.m. Transportó a Pown hacia Mapa215 X:50 Y:39
23/08/2019 01:28:17 p.m. /INVISIBLE
23/08/2019 01:28:18 p.m. Transportó a Pown hacia Mapa215 X:48 Y:46
23/08/2019 01:28:18 p.m. Transportó a Pown hacia Mapa215 X:46 Y:46
23/08/2019 01:28:18 p.m. Transportó a Pown hacia Mapa215 X:42 Y:51
23/08/2019 01:28:19 p.m. Transportó a Pown hacia Mapa215 X:36 Y:52
23/08/2019 01:28:19 p.m. Transportó a Pown hacia Mapa215 X:32 Y:56
23/08/2019 01:28:19 p.m. Transportó a Pown hacia Mapa215 X:29 Y:60
23/08/2019 01:28:20 p.m. Transportó a Pown hacia Mapa215 X:28 Y:60
23/08/2019 01:28:20 p.m. Transportó a Pown hacia Mapa215 X:23 Y:65
23/08/2019 01:28:20 p.m. Transportó a Pown hacia Mapa215 X:24 Y:66
23/08/2019 01:28:21 p.m. Transportó a Pown hacia Mapa215 X:23 Y:73
23/08/2019 01:28:21 p.m. Transportó a Pown hacia Mapa215 X:23 Y:79
23/08/2019 01:28:23 p.m. Utilizó un teleport hacia el mapa 1 (50,50)
23/08/2019 01:28:25 p.m. Transportó a Pown hacia Mapa1 X:50 Y:57
23/08/2019 01:28:25 p.m. Utilizó un teleport hacia el mapa 197 (49,46)
23/08/2019 01:28:29 p.m. Utilizó un teleport hacia el mapa 112 (19,82)
23/08/2019 01:28:29 p.m. Transportó a Pown hacia Mapa197 X:59 Y:47
23/08/2019 01:28:34 p.m. /IRA hard Mapa:194 X:66 Y:44
23/08/2019 01:28:36 p.m. /INVISIBLE
23/08/2019 01:28:36 p.m. Transportó a Pown hacia Mapa194 X:62 Y:51
23/08/2019 01:28:37 p.m. Transportó a Pown hacia Mapa194 X:59 Y:56
23/08/2019 01:28:37 p.m. Transportó a Pown hacia Mapa194 X:57 Y:60
23/08/2019 01:28:37 p.m. Transportó a Pown hacia Mapa194 X:55 Y:64
23/08/2019 01:28:37 p.m. Transportó a Pown hacia Mapa194 X:56 Y:65
23/08/2019 01:28:38 p.m. Transportó a Pown hacia Mapa194 X:55 Y:68
23/08/2019 01:28:38 p.m. Transportó a Pown hacia Mapa194 X:60 Y:72
23/08/2019 01:28:39 p.m. Transportó a Pown hacia Mapa194 X:63 Y:71
23/08/2019 01:28:41 p.m. Dijo:  
23/08/2019 01:28:45 p.m. Dijo:    
23/08/2019 01:28:49 p.m. Dijo: ea
23/08/2019 01:28:49 p.m. Dijo:  
23/08/2019 01:28:53 p.m. Dijo:  
23/08/2019 01:28:54 p.m. Dijo:  
23/08/2019 01:28:55 p.m. Dijo:  
23/08/2019 01:29:14 p.m. Dijo:  
23/08/2019 01:29:17 p.m. Dijo:  
23/08/2019 01:29:19 p.m. Dijo:  
23/08/2019 01:29:20 p.m. Dijo:  
23/08/2019 01:29:22 p.m. Dijo:  
23/08/2019 01:29:28 p.m. Resucito a pown
23/08/2019 01:29:35 p.m. Dijo:  
23/08/2019 01:29:36 p.m. Dijo:  
23/08/2019 01:29:44 p.m. Dijo: a xd
23/08/2019 01:29:45 p.m. Dijo:  
23/08/2019 01:29:50 p.m. Dijo: Voy a ir a limar un clero
23/08/2019 01:29:52 p.m. Transportó a Pown hacia Mapa194 X:68 Y:71
23/08/2019 01:29:53 p.m. Utilizó un teleport hacia el mapa 1 (50,50)
23/08/2019 01:29:54 p.m. /INVISIBLE
23/08/2019 01:29:55 p.m. Transportó a Pown hacia Mapa1 X:51 Y:56
23/08/2019 01:29:55 p.m. Utilizó un teleport hacia el mapa 197 (49,46)
23/08/2019 01:29:57 p.m. Transportó a Pown hacia Mapa197 X:57 Y:48
23/08/2019 01:30:01 p.m. Utilizó un teleport hacia el mapa 213 (41,28)
23/08/2019 01:30:02 p.m. Transportó a Pown hacia Mapa213 X:47 Y:28
23/08/2019 01:30:03 p.m. Transportó a Pown hacia Mapa213 X:50 Y:32
23/08/2019 01:30:03 p.m. Transportó a Pown hacia Mapa213 X:50 Y:33
23/08/2019 01:30:04 p.m. Transportó a Pown hacia Mapa213 X:50 Y:36
23/08/2019 01:30:04 p.m. Transportó a Pown hacia Mapa213 X:49 Y:36
23/08/2019 01:30:04 p.m. Transportó a Pown hacia Mapa213 X:48 Y:39
23/08/2019 01:30:04 p.m. Transportó a Pown hacia Mapa213 X:46 Y:42
23/08/2019 01:30:08 p.m. Dijo:  
23/08/2019 01:30:09 p.m. Dijo:  
23/08/2019 01:30:11 p.m. Transportó a Pown hacia Mapa213 X:56 Y:43
23/08/2019 01:30:11 p.m. Agarro:6 Objeto:Dsp
23/08/2019 01:30:12 p.m. Transportó a Pown hacia Mapa213 X:55 Y:43
23/08/2019 01:30:12 p.m. Agarro:1600 Objeto:Monedas de oro
23/08/2019 01:30:14 p.m. Transportó a Pown hacia Mapa213 X:59 Y:47
23/08/2019 01:30:15 p.m. Transportó a Pown hacia Mapa213 X:64 Y:48
23/08/2019 01:30:15 p.m. Transportó a Pown hacia Mapa213 X:64 Y:48
23/08/2019 01:30:19 p.m. Dijo:  
23/08/2019 01:30:20 p.m. Dijo:  
23/08/2019 01:30:21 p.m. Dijo:  
23/08/2019 01:30:23 p.m. Agarro:1600 Objeto:Monedas de oro
23/08/2019 01:30:23 p.m. Agarro:6 Objeto:Dsp
23/08/2019 01:30:24 p.m. Transportó a Pown hacia Mapa213 X:71 Y:55
23/08/2019 01:30:26 p.m. /INVISIBLE
23/08/2019 01:30:32 p.m. /IRA hard Mapa:197 X:50 Y:46
23/08/2019 01:30:36 p.m. Utilizó un teleport hacia el mapa 209 (43,32)
23/08/2019 01:30:36 p.m. Transportó a Pown hacia Mapa197 X:59 Y:53
23/08/2019 01:30:39 p.m. Transportó a Pown hacia Mapa209 X:50 Y:32
23/08/2019 01:30:41 p.m. Transportó a Pown hacia Mapa209 X:56 Y:36
23/08/2019 01:30:41 p.m. Transportó a Pown hacia Mapa209 X:56 Y:37
23/08/2019 01:30:58 p.m. /IRA hard Mapa:209 X:65 Y:75
23/08/2019 01:31:01 p.m. Dijo: no me acordaba tu name
23/08/2019 01:31:04 p.m. Dijo:  
23/08/2019 01:31:06 p.m. Dijo:  
23/08/2019 01:31:17 p.m. Utilizó un teleport hacia el mapa 210 (64,8)
23/08/2019 01:31:19 p.m. Transportó a Pown hacia Mapa210 X:60 Y:20
23/08/2019 01:31:20 p.m. Transportó a Pown hacia Mapa210 X:55 Y:24
23/08/2019 01:31:25 p.m. Dijo:  
23/08/2019 01:31:28 p.m. Dijo:  
23/08/2019 01:31:31 p.m. Dijo:  
23/08/2019 01:31:32 p.m. Transportó a Pown hacia Mapa210 X:56 Y:28
23/08/2019 01:31:32 p.m. Agarro:1 Objeto:Montura Rinosaurio
23/08/2019 01:31:35 p.m. Transportó a Pown hacia Mapa210 X:58 Y:29
23/08/2019 01:31:35 p.m. Agarro:1 Objeto:Cofre Inmortales [PREMIUM]
23/08/2019 01:31:36 p.m. Transportó a Pown hacia Mapa210 X:59 Y:26
23/08/2019 01:31:36 p.m. Agarro:1 Objeto:Cofre Inmortales [Oro]
23/08/2019 01:31:37 p.m. Transportó a Pown hacia Mapa210 X:59 Y:30
23/08/2019 01:31:37 p.m. Agarro:30 Objeto:Dsp
23/08/2019 01:31:38 p.m. Transportó a Pown hacia Mapa210 X:60 Y:27
23/08/2019 01:31:38 p.m. Agarro:7 Objeto:Moneda de Eldhir
23/08/2019 01:31:39 p.m. Transportó a Pown hacia Mapa210 X:59 Y:27
23/08/2019 01:31:39 p.m. Agarro:10000 Objeto:Monedas de oro
23/08/2019 01:31:39 p.m. Transportó a Pown hacia Mapa210 X:59 Y:27
23/08/2019 01:31:39 p.m. Transportó a Pown hacia Mapa210 X:59 Y:28
23/08/2019 01:31:39 p.m. Agarro:10000 Objeto:Monedas de oro
23/08/2019 01:31:39 p.m. Transportó a Pown hacia Mapa210 X:59 Y:28
23/08/2019 01:31:40 p.m. Transportó a Pown hacia Mapa210 X:58 Y:27
23/08/2019 01:31:40 p.m. Agarro:5120 Objeto:Monedas de oro
23/08/2019 01:31:40 p.m. Transportó a Pown hacia Mapa210 X:58 Y:28
23/08/2019 01:31:40 p.m. Transportó a Pown hacia Mapa210 X:57 Y:27
23/08/2019 01:31:40 p.m. Transportó a Pown hacia Mapa210 X:57 Y:27
23/08/2019 01:31:40 p.m. Transportó a Pown hacia Mapa210 X:57 Y:27
23/08/2019 01:31:41 p.m. Transportó a Pown hacia Mapa210 X:58 Y:27
23/08/2019 01:31:41 p.m. Transportó a Pown hacia Mapa210 X:59 Y:27
23/08/2019 01:31:41 p.m. Transportó a Pown hacia Mapa210 X:60 Y:28
23/08/2019 01:31:41 p.m. Transportó a Pown hacia Mapa210 X:60 Y:29
23/08/2019 01:31:41 p.m. Transportó a Pown hacia Mapa210 X:60 Y:28
23/08/2019 01:31:42 p.m. Transportó a Pown hacia Mapa210 X:59 Y:29
23/08/2019 01:31:42 p.m. Agarro:10000 Objeto:Monedas de oro
23/08/2019 01:31:42 p.m. Transportó a Pown hacia Mapa210 X:58 Y:29
23/08/2019 01:31:42 p.m. Transportó a Pown hacia Mapa210 X:58 Y:29
23/08/2019 01:31:42 p.m. Transportó a Pown hacia Mapa210 X:57 Y:28
23/08/2019 01:31:42 p.m. Transportó a Pown hacia Mapa210 X:57 Y:28
23/08/2019 01:31:43 p.m. Transportó a Pown hacia Mapa210 X:58 Y:28
23/08/2019 01:31:43 p.m. Agarro:10000 Objeto:Monedas de oro
23/08/2019 01:31:44 p.m. Transportó a Pown hacia Mapa210 X:56 Y:30
23/08/2019 01:31:50 p.m. Utilizó un teleport hacia el mapa 210 (47,58)
23/08/2019 01:31:53 p.m. Dijo:  
23/08/2019 01:31:54 p.m. Dijo:  
23/08/2019 01:31:57 p.m. Transportó a Pown hacia Mapa210 X:53 Y:58
23/08/2019 01:31:58 p.m. Transportó a Pown hacia Mapa210 X:57 Y:62
23/08/2019 01:31:58 p.m. Transportó a Pown hacia Mapa210 X:55 Y:64
23/08/2019 01:31:58 p.m. Transportó a Pown hacia Mapa210 X:54 Y:62
23/08/2019 01:31:58 p.m. Transportó a Pown hacia Mapa210 X:54 Y:61
23/08/2019 01:31:59 p.m. Transportó a Pown hacia Mapa210 X:51 Y:58
23/08/2019 01:32:00 p.m. Utilizó un teleport hacia el mapa 210 (49,34)
23/08/2019 01:32:00 p.m. Transportó a Pown hacia Mapa210 X:47 Y:56
23/08/2019 01:32:03 p.m. Transportó a Pown hacia Mapa210 X:66 Y:33
23/08/2019 01:32:04 p.m. Transportó a Pown hacia Mapa210 X:67 Y:26
23/08/2019 01:32:05 p.m. Transportó a Pown hacia Mapa210 X:65 Y:20
23/08/2019 01:32:07 p.m. /IRA hard Mapa:210 X:69 Y:49
23/08/2019 01:32:10 p.m. Dijo:  
23/08/2019 01:32:11 p.m. Dijo:  
23/08/2019 01:32:12 p.m. Dijo:  
23/08/2019 01:32:15 p.m. Dijo:  
23/08/2019 01:32:16 p.m. Dijo:  
23/08/2019 01:32:17 p.m. Dijo:  
23/08/2019 01:32:24 p.m. Dijo: :p
23/08/2019 01:32:24 p.m. Dijo:  
23/08/2019 01:32:28 p.m. Dijo:  
23/08/2019 01:32:30 p.m. Dijo:  
23/08/2019 01:32:31 p.m. Dijo:  
23/08/2019 01:32:37 p.m. Transportó a Pown hacia Mapa210 X:86 Y:38
23/08/2019 01:32:39 p.m. Transportó a Pown hacia Mapa210 X:81 Y:38
23/08/2019 01:32:39 p.m. Transportó a Pown hacia Mapa210 X:75 Y:38
23/08/2019 01:32:39 p.m. Transportó a Pown hacia Mapa210 X:74 Y:37
23/08/2019 01:32:40 p.m. Transportó a Pown hacia Mapa210 X:69 Y:34
23/08/2019 01:32:41 p.m. Transportó a Pown hacia Mapa210 X:69 Y:29
23/08/2019 01:32:41 p.m. Transportó a Pown hacia Mapa210 X:67 Y:28
23/08/2019 01:32:41 p.m. Transportó a Pown hacia Mapa210 X:67 Y:25
23/08/2019 01:32:42 p.m. Transportó a Pown hacia Mapa210 X:65 Y:21
23/08/2019 01:32:42 p.m. Transportó a Pown hacia Mapa210 X:64 Y:17
23/08/2019 01:32:42 p.m. Transportó a Pown hacia Mapa210 X:64 Y:16
23/08/2019 01:32:42 p.m. Transportó a Pown hacia Mapa210 X:64 Y:14
23/08/2019 01:32:43 p.m. Transportó a Pown hacia Mapa210 X:64 Y:11
23/08/2019 01:32:43 p.m. Transportó a Pown hacia Mapa210 X:64 Y:10
23/08/2019 01:32:43 p.m. Utilizó un teleport hacia el mapa 209 (64,93)
23/08/2019 01:33:04 p.m. /IRA hard Mapa:210 X:64 Y:9
23/08/2019 01:33:11 p.m. Dijo:  
23/08/2019 01:33:17 p.m. Transportó a Pown hacia Mapa210 X:73 Y:8
23/08/2019 01:33:17 p.m. Transportó a Pown hacia Mapa210 X:73 Y:8
23/08/2019 01:33:21 p.m. Transportó a Pown hacia Mapa210 X:68 Y:9
23/08/2019 01:33:26 p.m. Agarro:30 Objeto:Dsp
23/08/2019 01:33:26 p.m. Agarro:1 Objeto:Cofre Inmortales [Oro]
23/08/2019 01:33:27 p.m. Agarro:2 Objeto:Cofre Inmortales [PREMIUM]
23/08/2019 01:33:28 p.m. Agarro:30 Objeto:Dsp
23/08/2019 01:33:29 p.m. Agarro:1 Objeto:Cofre Inmortales [Oro]
23/08/2019 01:33:29 p.m. Agarro:7 Objeto:Moneda de Eldhir
23/08/2019 01:33:29 p.m. Agarro:10000 Objeto:Monedas de oro
23/08/2019 01:33:30 p.m. Agarro:10000 Objeto:Monedas de oro
23/08/2019 01:33:30 p.m. Agarro:10000 Objeto:Monedas de oro
23/08/2019 01:33:30 p.m. Agarro:10000 Objeto:Monedas de oro
23/08/2019 01:33:31 p.m. Agarro:5120 Objeto:Monedas de oro
23/08/2019 01:33:31 p.m. Agarro:10000 Objeto:Monedas de oro
23/08/2019 01:33:32 p.m. Agarro:10000 Objeto:Monedas de oro
23/08/2019 01:33:32 p.m. Agarro:10000 Objeto:Monedas de oro
23/08/2019 01:33:33 p.m. Agarro:10000 Objeto:Monedas de oro
23/08/2019 01:33:34 p.m. Dijo: nc q onda
23/08/2019 01:33:35 p.m. Dijo: ajajajaja
23/08/2019 01:33:44 p.m. Dijo: a
23/08/2019 01:33:45 p.m. Dijo: mal
23/08/2019 01:33:46 p.m. Dijo: jasjaja
23/08/2019 01:33:59 p.m. Utilizó un teleport hacia el mapa 209 (67,93)
23/08/2019 01:34:00 p.m. Utilizó un teleport hacia el mapa 210 (67,8)
23/08/2019 01:34:02 p.m. Utilizó un teleport hacia el mapa 209 (65,93)
23/08/2019 01:34:03 p.m. Transportó a Pown hacia Mapa209 X:63 Y:85
23/08/2019 01:34:04 p.m. Transportó a Pown hacia Mapa209 X:59 Y:79
23/08/2019 01:34:09 p.m. /IRA elyzah Mapa:139 X:50 Y:49
23/08/2019 01:34:12 p.m. /INVISIBLE
23/08/2019 01:34:20 p.m. Transportó a Pown hacia Mapa139 X:48 Y:48
23/08/2019 01:34:21 p.m. /CT 1,50,50,0
23/08/2019 01:34:25 p.m. Transportó a Pown hacia Mapa139 X:56 Y:46
23/08/2019 01:34:25 p.m. Transportó a Pown hacia Mapa139 X:60 Y:45
23/08/2019 01:34:26 p.m. Transportó a Pown hacia Mapa139 X:57 Y:44
23/08/2019 01:34:26 p.m. Transportó a Pown hacia Mapa139 X:64 Y:46
23/08/2019 01:34:26 p.m. Transportó a Pown hacia Mapa139 X:61 Y:46
23/08/2019 01:34:26 p.m. Transportó a Pown hacia Mapa139 X:67 Y:49
23/08/2019 01:34:27 p.m. Transportó a Pown hacia Mapa139 X:65 Y:52
23/08/2019 01:34:27 p.m. Transportó a Pown hacia Mapa139 X:69 Y:53
23/08/2019 01:34:28 p.m. Transportó a Pown hacia Mapa139 X:67 Y:56
23/08/2019 01:34:28 p.m. Transportó a Pown hacia Mapa139 X:69 Y:60
23/08/2019 01:34:29 p.m. Transportó a Pown hacia Mapa139 X:69 Y:64
23/08/2019 01:34:31 p.m. /INVISIBLE
23/08/2019 01:34:32 p.m. Transportó a Pown hacia Mapa139 X:60 Y:66
23/08/2019 01:34:33 p.m. Transportó a Pown hacia Mapa139 X:55 Y:69
23/08/2019 01:34:34 p.m. Transportó a Pown hacia Mapa139 X:44 Y:70
23/08/2019 01:34:36 p.m. Transportó a Pown hacia Mapa139 X:41 Y:64
23/08/2019 01:34:38 p.m. Transportó a Pown hacia Mapa139 X:47 Y:56
23/08/2019 01:34:40 p.m. Transportó a Pown hacia Mapa139 X:49 Y:49
23/08/2019 01:34:45 p.m. Utilizó un teleport hacia el mapa 1 (50,50)
23/08/2019 01:34:47 p.m. /INVISIBLE
23/08/2019 01:59:35 p.m. Se conecto con ip:181.169.214.18/109435960000384#BFEBFBFF000106CA/316934374
23/08/2019 01:59:41 p.m. /IRA hard Mapa:213 X:73 Y:54
23/08/2019 01:59:42 p.m. /INVISIBLE
23/08/2019 01:59:47 p.m. Dijo: Buenas muchaches
23/08/2019 01:59:53 p.m. Dijo:  
23/08/2019 02:00:03 p.m. Dijo: Bien y vos?
23/08/2019 02:00:06 p.m. Dijo:  
23/08/2019 02:00:10 p.m. Dijo: Me alegro
23/08/2019 02:00:17 p.m. Dijo: su
23/08/2019 02:00:28 p.m. Dijo: media hermana juana loca de la cabeza fuma y besa cuando fuma mari y juana
23/08/2019 02:00:34 p.m. Dijo:  
23/08/2019 02:00:35 p.m. Dijo: JAjaaj
23/08/2019 02:00:37 p.m. Dijo: Escuela
23/08/2019 02:00:42 p.m. Dijo:  
23/08/2019 02:00:43 p.m. Dijo: 3Ro
23/08/2019 02:00:49 p.m. Dijo: Repetí mucho sjasja
23/08/2019 02:00:50 p.m. Dijo:  
23/08/2019 02:01:03 p.m. Dijo: Yo voy 
23/08/2019 02:01:05 p.m. Dijo: Todos los días
23/08/2019 02:01:09 p.m. Dijo: Pero no hago nada
23/08/2019 02:01:14 p.m. Dijo: Voy a tirar facha nomas
23/08/2019 02:01:17 p.m. Dijo:  
23/08/2019 02:01:19 p.m. Dijo: Que te salta?
23/08/2019 02:01:22 p.m. Dijo: a
23/08/2019 02:01:44 p.m. Dijo: Dale!!
23/08/2019 02:01:45 p.m. Dijo:  
23/08/2019 02:01:48 p.m. Dijo: Decime
23/08/2019 02:01:54 p.m. Dijo: Emm
23/08/2019 02:02:04 p.m. Dijo: La verdad no tengo ni idea, entre ayer a el staff.
23/08/2019 02:02:14 p.m. Dijo: Ahora te averiguo
23/08/2019 02:02:16 p.m. Dijo:  
23/08/2019 02:02:17 p.m. /INVISIBLE
23/08/2019 02:02:18 p.m. Transportó a Pown hacia Mapa213 X:67 Y:61
23/08/2019 02:02:18 p.m. Transportó a Pown hacia Mapa213 X:65 Y:61
23/08/2019 02:02:19 p.m. Transportó a Pown hacia Mapa213 X:72 Y:56
23/08/2019 02:02:20 p.m. /INVISIBLE
23/08/2019 02:02:24 p.m. Dijo: ¿Cómo?
23/08/2019 02:02:25 p.m. Dijo:  
23/08/2019 02:02:43 p.m. Dijo: Nono, entre ayery le hable y me dijo que si haga las cosas bien
23/08/2019 02:02:49 p.m. Dijo: Y que me hacía gm
23/08/2019 02:02:51 p.m. Dijo:  
23/08/2019 02:02:58 p.m. Dijo: Todo el día on haciendo eventos
23/08/2019 02:03:02 p.m. Dijo:  
23/08/2019 02:03:03 p.m. /INVISIBLE
23/08/2019 02:03:08 p.m. Mensaje a Gms:Eu bro
23/08/2019 02:03:17 p.m. Mensaje a Gms:que bicho da el amuleto nro 1
23/08/2019 02:04:05 p.m. Transportó a Pown hacia Mapa1 X:50 Y:50
23/08/2019 02:04:08 p.m. Transportó a Pown hacia Mapa1 X:51 Y:56
23/08/2019 02:04:09 p.m. Utilizó un teleport hacia el mapa 197 (49,46)
23/08/2019 02:04:12 p.m. Utilizó un teleport hacia el mapa 215 (17,82)
23/08/2019 02:04:12 p.m. Transportó a Pown hacia Mapa197 X:55 Y:50
23/08/2019 02:04:14 p.m. Transportó a Pown hacia Mapa215 X:25 Y:81
23/08/2019 02:04:14 p.m. Transportó a Pown hacia Mapa215 X:33 Y:81
23/08/2019 02:04:14 p.m. Transportó a Pown hacia Mapa215 X:33 Y:80
23/08/2019 02:04:14 p.m. Transportó a Pown hacia Mapa215 X:40 Y:80
23/08/2019 02:04:14 p.m. Transportó a Pown hacia Mapa215 X:47 Y:80
23/08/2019 02:04:15 p.m. Transportó a Pown hacia Mapa215 X:53 Y:80
23/08/2019 02:04:15 p.m. Transportó a Pown hacia Mapa215 X:60 Y:81
23/08/2019 02:04:16 p.m. Transportó a Pown hacia Mapa215 X:52 Y:79
23/08/2019 02:04:17 p.m. Transportó a Pown hacia Mapa215 X:45 Y:76
23/08/2019 02:04:17 p.m. Transportó a Pown hacia Mapa215 X:41 Y:72
23/08/2019 02:04:17 p.m. Transportó a Pown hacia Mapa215 X:40 Y:72
23/08/2019 02:04:18 p.m. Transportó a Pown hacia Mapa215 X:35 Y:70
23/08/2019 02:04:18 p.m. Transportó a Pown hacia Mapa215 X:29 Y:68
23/08/2019 02:04:19 p.m. Transportó a Pown hacia Mapa215 X:27 Y:63
23/08/2019 02:04:26 p.m. Transportó a Pown hacia Mapa215 X:34 Y:54
23/08/2019 02:04:27 p.m. Transportó a Pown hacia Mapa215 X:41 Y:56
23/08/2019 02:04:31 p.m. Dijo:  
23/08/2019 02:04:34 p.m. Dijo:  
23/08/2019 02:04:44 p.m. /IRA kriuz Mapa:213 X:72 Y:53
23/08/2019 02:05:07 p.m. Dijo: Estube hablando con el
23/08/2019 02:05:17 p.m. Dijo: Desde la versión anteriór
23/08/2019 02:05:20 p.m. Dijo:  
23/08/2019 02:05:22 p.m. /INVISIBLE
23/08/2019 02:05:24 p.m. /INVISIBLE
23/08/2019 02:05:31 p.m. /IRA itachi Mapa:28 X:51 Y:8
23/08/2019 02:05:38 p.m. Utilizó un teleport hacia el mapa 1 (24,26)
23/08/2019 02:05:56 p.m. Utilizó un teleport hacia el mapa 197 (49,46)
23/08/2019 02:06:05 p.m. Utilizó un teleport hacia el mapa 215 (17,82)
23/08/2019 02:06:08 p.m. Transportó a Pown hacia Mapa215 X:24 Y:79
23/08/2019 02:06:08 p.m. Transportó a Pown hacia Mapa215 X:29 Y:75
23/08/2019 02:06:08 p.m. Transportó a Pown hacia Mapa215 X:33 Y:71
23/08/2019 02:06:25 p.m. /IRA hard Mapa:215 X:47 Y:80
23/08/2019 02:06:47 p.m. Transportó a Pown hacia Mapa215 X:31 Y:80
23/08/2019 02:06:47 p.m. Transportó a Pown hacia Mapa215 X:25 Y:80
23/08/2019 02:06:47 p.m. Transportó a Pown hacia Mapa215 X:25 Y:80
23/08/2019 02:06:48 p.m. Utilizó un teleport hacia el mapa 1 (50,50)
23/08/2019 02:06:50 p.m. /INVISIBLE
23/08/2019 02:06:56 p.m. /INVISIBLE
23/08/2019 02:06:58 p.m. /INVISIBLE
23/08/2019 02:06:58 p.m. /INVISIBLE
23/08/2019 02:07:00 p.m. /INVISIBLE
23/08/2019 02:07:02 p.m. /INVISIBLE
23/08/2019 02:07:02 p.m. /INVISIBLE
23/08/2019 02:07:04 p.m. /INVISIBLE
23/08/2019 02:07:08 p.m. /INVISIBLE
23/08/2019 02:07:13 p.m. /INVISIBLE
23/08/2019 02:07:21 p.m. /IRA hard Mapa:215 X:41 Y:80
23/08/2019 02:08:13 p.m. Mensaje Broadcast:Chicos inviten a sus amigos, está tarde/noche vamos a estar a full con los eventos
23/08/2019 02:08:17 p.m. /IRA hard Mapa:215 X:41 Y:80
23/08/2019 02:08:20 p.m. Mensaje a Gms:q
23/08/2019 02:09:27 p.m. /INVISIBLE
23/08/2019 02:09:31 p.m. Dijo: Es inteligente
23/08/2019 02:09:33 p.m. Dijo: AJAAJAA
23/08/2019 02:09:35 p.m. Dijo:  
23/08/2019 02:09:40 p.m. Dijo: iQ DE 200
23/08/2019 02:09:42 p.m. Dijo:  
23/08/2019 02:09:42 p.m. /INVISIBLE
23/08/2019 02:10:08 p.m. /INVISIBLE
23/08/2019 02:10:09 p.m. Dijo: La medusa
23/08/2019 02:10:11 p.m. Dijo:  
23/08/2019 02:10:13 p.m. /INVISIBLE
23/08/2019 02:10:26 p.m. Transportó a Pown hacia Mapa215 X:29 Y:67
23/08/2019 02:10:26 p.m. Transportó a Pown hacia Mapa215 X:29 Y:66
23/08/2019 02:10:27 p.m. Transportó a Pown hacia Mapa215 X:28 Y:60
23/08/2019 02:10:27 p.m. Transportó a Pown hacia Mapa215 X:29 Y:59
23/08/2019 02:10:27 p.m. Transportó a Pown hacia Mapa215 X:29 Y:53
23/08/2019 02:10:28 p.m. Transportó a Pown hacia Mapa215 X:36 Y:53
23/08/2019 02:10:28 p.m. Transportó a Pown hacia Mapa215 X:40 Y:55
23/08/2019 02:10:28 p.m. Transportó a Pown hacia Mapa215 X:43 Y:58
23/08/2019 02:10:29 p.m. Transportó a Pown hacia Mapa215 X:49 Y:58
23/08/2019 02:10:29 p.m. Transportó a Pown hacia Mapa215 X:50 Y:57
23/08/2019 02:10:29 p.m. Transportó a Pown hacia Mapa215 X:57 Y:55
23/08/2019 02:10:29 p.m. Transportó a Pown hacia Mapa215 X:55 Y:55
23/08/2019 02:10:30 p.m. Transportó a Pown hacia Mapa215 X:55 Y:50
23/08/2019 02:10:30 p.m. Transportó a Pown hacia Mapa215 X:54 Y:44
23/08/2019 02:10:34 p.m. /INVISIBLE
23/08/2019 02:10:42 p.m. Transportó a Pown hacia Mapa215 X:54 Y:40
23/08/2019 02:10:59 p.m. Dijo: te está mostrando
23/08/2019 02:11:01 p.m. Dijo: Que tiene
23/08/2019 02:11:03 p.m. Dijo: %
23/08/2019 02:11:04 p.m. Dijo:  
23/08/2019 02:11:08 p.m. Dijo: Este da muchas más cosas
23/08/2019 02:11:12 p.m. Dijo: Quedense ahí
23/08/2019 02:11:15 p.m. Dijo: NO lukeen nada
23/08/2019 02:11:28 p.m. Transportó a Pown hacia Mapa215 X:37 Y:36
23/08/2019 02:11:32 p.m. Dijo: limpia
23/08/2019 02:11:33 p.m. Dijo:  
23/08/2019 02:11:33 p.m. Agarro:15 Objeto:Dsp
23/08/2019 02:11:35 p.m. Dijo: si
23/08/2019 02:11:36 p.m. Dijo: tiene
23/08/2019 02:11:42 p.m. Dijo: % de probabilidad
23/08/2019 02:11:44 p.m. Dijo:  
23/08/2019 02:11:46 p.m. Agarro:10000 Objeto:Monedas de oro
23/08/2019 02:11:46 p.m. Agarro:10000 Objeto:Monedas de oro
23/08/2019 02:11:47 p.m. Agarro:10000 Objeto:Monedas de oro
23/08/2019 02:11:47 p.m. Agarro:10000 Objeto:Monedas de oro
23/08/2019 02:11:47 p.m. Agarro:10000 Objeto:Monedas de oro
23/08/2019 02:11:49 p.m. /INVISIBLE
23/08/2019 02:11:50 p.m. /INVISIBLE
23/08/2019 02:11:50 p.m. /INVISIBLE
23/08/2019 02:11:50 p.m. Agarro:10000 Objeto:Monedas de oro
23/08/2019 02:11:50 p.m. /INVISIBLE
23/08/2019 02:11:50 p.m. /INVISIBLE
23/08/2019 02:11:51 p.m. Agarro:10000 Objeto:Monedas de oro
23/08/2019 02:11:51 p.m. Agarro:10000 Objeto:Monedas de oro
23/08/2019 02:11:52 p.m. Agarro:10000 Objeto:Monedas de oro
23/08/2019 02:11:52 p.m. Agarro:10000 Objeto:Monedas de oro
23/08/2019 02:11:52 p.m. Agarro:10000 Objeto:Monedas de oro
23/08/2019 02:11:53 p.m. Agarro:10000 Objeto:Monedas de oro
23/08/2019 02:11:53 p.m. Agarro:10000 Objeto:Monedas de oro
23/08/2019 02:11:54 p.m. Agarro:10000 Objeto:Monedas de oro
23/08/2019 02:11:54 p.m. Agarro:10000 Objeto:Monedas de oro
23/08/2019 02:11:54 p.m. Agarro:10000 Objeto:Monedas de oro
23/08/2019 02:12:01 p.m. /INVISIBLE
23/08/2019 02:12:02 p.m. Transportó a Pown hacia Mapa215 X:51 Y:32
23/08/2019 02:12:05 p.m. Dijo:  
23/08/2019 02:12:06 p.m. Dijo:  
23/08/2019 02:12:07 p.m. Dijo:  
23/08/2019 02:12:08 p.m. Dijo:  
23/08/2019 02:12:10 p.m. Dijo:  
23/08/2019 02:12:11 p.m. Dijo:  
23/08/2019 02:12:12 p.m. Dijo:  
23/08/2019 02:12:17 p.m. Dijo: que hdp
23/08/2019 02:12:18 p.m. Dijo: No sale
23/08/2019 02:12:22 p.m. Dijo: Cosas buenas
23/08/2019 02:12:23 p.m. Dijo:  
23/08/2019 02:12:25 p.m. Dijo: Bueno
23/08/2019 02:12:30 p.m. Dijo: Tira muchas cosas buenas
23/08/2019 02:12:30 p.m. Transportó a Pown hacia Mapa215 X:44 Y:32
23/08/2019 02:12:31 p.m. Transportó a Pown hacia Mapa215 X:49 Y:30
23/08/2019 02:12:31 p.m. Transportó a Pown hacia Mapa215 X:55 Y:33
23/08/2019 02:12:32 p.m. Transportó a Pown hacia Mapa215 X:63 Y:33
23/08/2019 02:12:33 p.m. Transportó a Pown hacia Mapa215 X:70 Y:34
23/08/2019 02:12:34 p.m. Transportó a Pown hacia Mapa215 X:71 Y:36
23/08/2019 02:12:35 p.m. Transportó a Pown hacia Mapa215 X:70 Y:42
23/08/2019 02:12:35 p.m. Transportó a Pown hacia Mapa215 X:62 Y:39
23/08/2019 02:12:35 p.m. Transportó a Pown hacia Mapa215 X:61 Y:39
23/08/2019 02:12:36 p.m. Transportó a Pown hacia Mapa215 X:57 Y:37
23/08/2019 02:12:37 p.m. Transportó a Pown hacia Mapa215 X:66 Y:36
23/08/2019 02:12:39 p.m. Transportó a Pown hacia Mapa215 X:69 Y:30
23/08/2019 02:13:04 p.m. Transportó a Pown hacia Mapa215 X:61 Y:25
23/08/2019 02:13:05 p.m. Transportó a Pown hacia Mapa215 X:57 Y:29
23/08/2019 02:13:07 p.m. /CT 215,70,27,0
23/08/2019 02:13:07 p.m. Utilizó un teleport hacia el mapa 215 (70,27)
23/08/2019 02:13:10 p.m. Transportó a Pown hacia Mapa215 X:61 Y:28
23/08/2019 02:13:11 p.m. Transportó a Pown hacia Mapa215 X:56 Y:31
23/08/2019 02:13:12 p.m. Transportó a Pown hacia Mapa215 X:52 Y:32
23/08/2019 02:13:22 p.m. Transportó a Pown hacia Mapa215 X:61 Y:29
23/08/2019 02:13:23 p.m. Transportó a Pown hacia Mapa215 X:66 Y:27
23/08/2019 02:13:24 p.m. Transportó a Pown hacia Mapa215 X:72 Y:25
23/08/2019 02:13:26 p.m. /CT 215,52,32,0
23/08/2019 02:13:30 p.m. Utilizó un teleport hacia el mapa 215 (52,32)
23/08/2019 02:13:35 p.m. Utilizó un teleport hacia el mapa 215 (70,27)
23/08/2019 02:13:41 p.m. Transportó a Pown hacia Mapa215 X:70 Y:34
23/08/2019 02:13:41 p.m. Transportó a Pown hacia Mapa215 X:68 Y:40
23/08/2019 02:13:42 p.m. Transportó a Pown hacia Mapa215 X:66 Y:46
23/08/2019 02:13:46 p.m. Transportó a Pown hacia Mapa215 X:62 Y:33
23/08/2019 02:13:47 p.m. Transportó a Pown hacia Mapa215 X:57 Y:33
23/08/2019 02:13:47 p.m. Transportó a Pown hacia Mapa215 X:55 Y:36
23/08/2019 02:13:48 p.m. Transportó a Pown hacia Mapa215 X:54 Y:41
23/08/2019 02:13:48 p.m. Transportó a Pown hacia Mapa215 X:50 Y:39
23/08/2019 02:13:49 p.m. Transportó a Pown hacia Mapa215 X:58 Y:36
23/08/2019 02:13:49 p.m. Transportó a Pown hacia Mapa215 X:58 Y:34
23/08/2019 02:13:49 p.m. Transportó a Pown hacia Mapa215 X:64 Y:30
23/08/2019 02:13:51 p.m. Dijo:  
23/08/2019 02:13:52 p.m. Dijo:  
23/08/2019 02:13:53 p.m. Dijo:  
23/08/2019 02:13:59 p.m. /IRA hard Mapa:215 X:33 Y:70
23/08/2019 02:14:00 p.m. Transportó a Pown hacia Mapa215 X:30 Y:77
23/08/2019 02:14:01 p.m. Transportó a Pown hacia Mapa215 X:32 Y:74
23/08/2019 02:14:05 p.m. /IRA hard Mapa:215 X:34 Y:73
23/08/2019 02:14:14 p.m. Dijo: que onda pro
23/08/2019 02:14:15 p.m. Dijo:  
23/08/2019 02:14:28 p.m. Dijo: Ah
23/08/2019 02:14:31 p.m. Dijo: Voy a publicar el ao
23/08/2019 02:14:35 p.m. Dijo: en un toque
23/08/2019 02:14:35 p.m. Dijo:  
23/08/2019 02:34:54 p.m. Se conecto con ip:181.169.214.18/109435960000384#BFEBFBFF000106CA/316934374
23/08/2019 02:34:59 p.m. /IRA hard Mapa:194 X:49 Y:49
23/08/2019 02:35:01 p.m. /INVISIBLE
23/08/2019 02:35:07 p.m. Transportó a Pown hacia Mapa194 X:53 Y:46
23/08/2019 02:35:21 p.m. Mensaje a Gms:ni idea xd
23/08/2019 02:35:23 p.m. /INVISIBLE
23/08/2019 02:35:24 p.m. Utilizó un teleport hacia el mapa 1 (50,50)
23/08/2019 02:35:24 p.m. Transportó a Pown hacia Mapa194 X:46 Y:43
23/08/2019 02:35:26 p.m. Transportó a Pown hacia Mapa1 X:52 Y:57
23/08/2019 02:35:34 p.m. /INVISIBLE
23/08/2019 02:35:34 p.m. /INVISIBLE
23/08/2019 02:35:35 p.m. /INVISIBLE
23/08/2019 02:35:43 p.m. Utilizó un teleport hacia el mapa 197 (49,46)
23/08/2019 02:35:43 p.m. Transportó a Pown hacia Mapa1 X:51 Y:57
23/08/2019 02:35:46 p.m. Utilizó un teleport hacia el mapa 215 (17,82)
23/08/2019 02:35:46 p.m. Transportó a Pown hacia Mapa197 X:55 Y:50
23/08/2019 02:35:48 p.m. Transportó a Pown hacia Mapa215 X:20 Y:75
23/08/2019 02:35:48 p.m. Transportó a Pown hacia Mapa215 X:21 Y:74
23/08/2019 02:35:49 p.m. Transportó a Pown hacia Mapa215 X:22 Y:70
23/08/2019 02:35:49 p.m. Transportó a Pown hacia Mapa215 X:23 Y:69
23/08/2019 02:35:49 p.m. Transportó a Pown hacia Mapa215 X:26 Y:64
23/08/2019 02:35:49 p.m. Transportó a Pown hacia Mapa215 X:29 Y:59
23/08/2019 02:35:50 p.m. Transportó a Pown hacia Mapa215 X:33 Y:54
23/08/2019 02:35:50 p.m. Transportó a Pown hacia Mapa215 X:34 Y:53
23/08/2019 02:35:50 p.m. Transportó a Pown hacia Mapa215 X:39 Y:49
23/08/2019 02:35:51 p.m. Transportó a Pown hacia Mapa215 X:39 Y:49
23/08/2019 02:35:51 p.m. Transportó a Pown hacia Mapa215 X:44 Y:45
23/08/2019 02:35:51 p.m. Transportó a Pown hacia Mapa215 X:49 Y:42
23/08/2019 02:35:52 p.m. Transportó a Pown hacia Mapa215 X:53 Y:37
23/08/2019 02:35:52 p.m. Transportó a Pown hacia Mapa215 X:57 Y:32
23/08/2019 02:36:01 p.m. Transportó a Pown hacia Mapa215 X:49 Y:34
23/08/2019 02:36:01 p.m. Transportó a Pown hacia Mapa215 X:46 Y:33
23/08/2019 02:36:01 p.m. Transportó a Pown hacia Mapa215 X:43 Y:32
23/08/2019 02:36:18 p.m. Mensaje a Gms:eu para venir a meductea necesito ser oro?
23/08/2019 02:36:34 p.m. Transportó a Pown hacia Mapa215 X:43 Y:37
23/08/2019 02:36:47 p.m. Mensaje a Gms:oka relogeo
23/08/2019 02:36:53 p.m. Se conecto con ip:181.169.214.18/109435960000384#BFEBFBFF000106CA/316934374
23/08/2019 02:36:55 p.m. /INVISIBLE
23/08/2019 02:36:58 p.m. Dijo:  
23/08/2019 02:37:00 p.m. Dijo:  
23/08/2019 02:37:02 p.m. Dijo:  
23/08/2019 02:37:04 p.m. Dijo:  
23/08/2019 02:37:06 p.m. /INVISIBLE
23/08/2019 02:37:08 p.m. Dijo:  
23/08/2019 02:37:12 p.m. Dijo:  
23/08/2019 02:55:47 p.m. Se conecto con ip:181.169.214.18/109435960000384#BFEBFBFF000106CA/316934374
23/08/2019 02:55:50 p.m. Transportó a Pown hacia Mapa215 X:29 Y:56
23/08/2019 02:55:50 p.m. Transportó a Pown hacia Mapa215 X:30 Y:52
23/08/2019 02:55:51 p.m. Transportó a Pown hacia Mapa215 X:37 Y:52
23/08/2019 02:55:51 p.m. Transportó a Pown hacia Mapa215 X:42 Y:52
23/08/2019 02:55:51 p.m. Transportó a Pown hacia Mapa215 X:42 Y:55
23/08/2019 02:55:52 p.m. Transportó a Pown hacia Mapa215 X:48 Y:55
23/08/2019 02:55:52 p.m. Transportó a Pown hacia Mapa215 X:48 Y:53
23/08/2019 02:55:52 p.m. Transportó a Pown hacia Mapa215 X:53 Y:52
23/08/2019 02:55:52 p.m. Transportó a Pown hacia Mapa215 X:53 Y:49
23/08/2019 02:55:53 p.m. Transportó a Pown hacia Mapa215 X:53 Y:43
23/08/2019 02:55:53 p.m. Transportó a Pown hacia Mapa215 X:51 Y:37
23/08/2019 02:55:54 p.m. Transportó a Pown hacia Mapa215 X:50 Y:32
23/08/2019 02:55:54 p.m. Transportó a Pown hacia Mapa215 X:51 Y:32
23/08/2019 02:55:54 p.m. Transportó a Pown hacia Mapa215 X:47 Y:29
23/08/2019 02:55:55 p.m. Transportó a Pown hacia Mapa215 X:55 Y:30
23/08/2019 02:55:55 p.m. Transportó a Pown hacia Mapa215 X:62 Y:31
23/08/2019 02:55:55 p.m. Transportó a Pown hacia Mapa215 X:69 Y:31
23/08/2019 02:55:56 p.m. Transportó a Pown hacia Mapa215 X:74 Y:32
23/08/2019 02:55:58 p.m. /INVISIBLE
23/08/2019 02:56:03 p.m. Transportó a Pown hacia Mapa215 X:68 Y:34
23/08/2019 02:56:03 p.m. Transportó a Pown hacia Mapa215 X:68 Y:39
23/08/2019 02:56:04 p.m. Transportó a Pown hacia Mapa215 X:67 Y:44
23/08/2019 02:56:04 p.m. Transportó a Pown hacia Mapa215 X:60 Y:48
23/08/2019 02:56:05 p.m. Transportó a Pown hacia Mapa215 X:57 Y:52
23/08/2019 02:56:05 p.m. Transportó a Pown hacia Mapa215 X:57 Y:52
23/08/2019 02:56:06 p.m. Transportó a Pown hacia Mapa215 X:51 Y:57
23/08/2019 02:56:07 p.m. Transportó a Pown hacia Mapa215 X:48 Y:61
23/08/2019 02:56:07 p.m. Transportó a Pown hacia Mapa215 X:47 Y:61
23/08/2019 02:56:07 p.m. Transportó a Pown hacia Mapa215 X:44 Y:65
23/08/2019 02:56:08 p.m. Transportó a Pown hacia Mapa215 X:42 Y:69
23/08/2019 02:56:08 p.m. Transportó a Pown hacia Mapa215 X:42 Y:74
23/08/2019 02:56:09 p.m. Transportó a Pown hacia Mapa215 X:42 Y:79
23/08/2019 02:56:10 p.m. /INVISIBLE
23/08/2019 02:56:10 p.m. Transportó a Pown hacia Mapa215 X:52 Y:82
23/08/2019 02:56:11 p.m. Transportó a Pown hacia Mapa215 X:57 Y:83
23/08/2019 02:56:12 p.m. Transportó a Pown hacia Mapa215 X:64 Y:83
23/08/2019 02:56:14 p.m. Transportó a Pown hacia Mapa215 X:59 Y:82
23/08/2019 02:56:14 p.m. Transportó a Pown hacia Mapa215 X:58 Y:82
23/08/2019 02:56:14 p.m. Transportó a Pown hacia Mapa215 X:51 Y:81
23/08/2019 02:56:14 p.m. Transportó a Pown hacia Mapa215 X:44 Y:82
23/08/2019 02:56:15 p.m. Transportó a Pown hacia Mapa215 X:37 Y:83
23/08/2019 02:56:15 p.m. Transportó a Pown hacia Mapa215 X:30 Y:84
23/08/2019 02:56:15 p.m. Transportó a Pown hacia Mapa215 X:24 Y:84
23/08/2019 02:56:15 p.m. Transportó a Pown hacia Mapa215 X:18 Y:85
23/08/2019 02:56:17 p.m. Transportó a Pown hacia Mapa215 X:16 Y:77
23/08/2019 02:56:17 p.m. Transportó a Pown hacia Mapa215 X:16 Y:71
23/08/2019 02:56:17 p.m. Transportó a Pown hacia Mapa215 X:17 Y:71
23/08/2019 02:56:17 p.m. Transportó a Pown hacia Mapa215 X:21 Y:67
23/08/2019 02:56:18 p.m. Transportó a Pown hacia Mapa215 X:21 Y:67
23/08/2019 02:56:18 p.m. Transportó a Pown hacia Mapa215 X:23 Y:62
23/08/2019 02:56:19 p.m. Transportó a Pown hacia Mapa215 X:25 Y:57
23/08/2019 02:56:21 p.m. Transportó a Pown hacia Mapa215 X:24 Y:63
23/08/2019 02:56:21 p.m. Transportó a Pown hacia Mapa215 X:23 Y:68
23/08/2019 02:56:21 p.m. Transportó a Pown hacia Mapa215 X:22 Y:73
23/08/2019 02:56:21 p.m. Transportó a Pown hacia Mapa215 X:21 Y:79
23/08/2019 02:56:22 p.m. Utilizó un teleport hacia el mapa 1 (50,50)
23/08/2019 02:56:24 p.m. Transportó a Pown hacia Mapa1 X:51 Y:56
23/08/2019 02:56:25 p.m. Utilizó un teleport hacia el mapa 197 (49,46)
23/08/2019 02:56:31 p.m. Utilizó un teleport hacia el mapa 213 (41,28)
23/08/2019 02:56:32 p.m. Transportó a Pown hacia Mapa213 X:44 Y:33
23/08/2019 02:56:33 p.m. Transportó a Pown hacia Mapa213 X:43 Y:33
23/08/2019 02:56:33 p.m. Transportó a Pown hacia Mapa213 X:45 Y:39
23/08/2019 02:56:34 p.m. Transportó a Pown hacia Mapa213 X:45 Y:39
23/08/2019 02:56:34 p.m. Transportó a Pown hacia Mapa213 X:47 Y:44
23/08/2019 02:56:34 p.m. Transportó a Pown hacia Mapa213 X:49 Y:48
23/08/2019 02:56:35 p.m. Transportó a Pown hacia Mapa213 X:51 Y:52
23/08/2019 02:56:35 p.m. Transportó a Pown hacia Mapa213 X:51 Y:52
23/08/2019 02:56:35 p.m. Transportó a Pown hacia Mapa213 X:53 Y:56
23/08/2019 02:56:36 p.m. Transportó a Pown hacia Mapa213 X:58 Y:59
23/08/2019 02:56:36 p.m. Transportó a Pown hacia Mapa213 X:63 Y:61
23/08/2019 02:56:36 p.m. Transportó a Pown hacia Mapa213 X:64 Y:64
23/08/2019 02:56:37 p.m. Transportó a Pown hacia Mapa213 X:59 Y:66
23/08/2019 02:56:37 p.m. Transportó a Pown hacia Mapa213 X:53 Y:65
23/08/2019 02:56:37 p.m. Transportó a Pown hacia Mapa213 X:53 Y:65
23/08/2019 02:56:38 p.m. Transportó a Pown hacia Mapa213 X:47 Y:65
23/08/2019 02:56:39 p.m. Transportó a Pown hacia Mapa213 X:41 Y:66
23/08/2019 02:56:39 p.m. Transportó a Pown hacia Mapa213 X:43 Y:68
23/08/2019 02:56:39 p.m. Transportó a Pown hacia Mapa213 X:43 Y:72
23/08/2019 02:56:40 p.m. Transportó a Pown hacia Mapa213 X:46 Y:76
23/08/2019 02:56:40 p.m. Transportó a Pown hacia Mapa213 X:52 Y:77
23/08/2019 02:56:40 p.m. Transportó a Pown hacia Mapa213 X:57 Y:76
23/08/2019 02:56:41 p.m. Transportó a Pown hacia Mapa213 X:55 Y:74
23/08/2019 02:56:42 p.m. Utilizó un teleport hacia el mapa 213 (65,74)
23/08/2019 02:56:43 p.m. Transportó a Pown hacia Mapa213 X:69 Y:76
23/08/2019 02:56:47 p.m. Dijo:  
23/08/2019 02:56:52 p.m. Dijo:  
23/08/2019 02:56:56 p.m. Utilizó un teleport hacia el mapa 213 (53,74)
23/08/2019 02:57:04 p.m. Transportó a Pown hacia Mapa1 X:50 Y:50
23/08/2019 02:57:11 p.m. Mensaje a Gms:Che bro hace un tornieo
