ELBOW completó el nivel 1 en 4,047 segundos.
ELBOW completó el nivel 2 en 0,015 segundos.
ELBOW completó el nivel 3 en 0 segundos.
ELBOW completó el nivel 4 en 0 segundos.
ELBOW completó el nivel 5 en 0 segundos.
ELBOW completó el nivel 6 en 0,016 segundos.
ELBOW completó el nivel 7 en 0 segundos.
ELBOW completó el nivel 8 en 0 segundos.
ELBOW completó el nivel 9 en 0 segundos.
ELBOW completó el nivel 10 en 0,016 segundos.
ELBOW completó el nivel 11 en 0 segundos.
ELBOW completó el nivel 12 en 0,016 segundos.
ELBOW completó el nivel 13 en 0 segundos.
ELBOW completó el nivel 14 en 0,015 segundos.
ELBOW completó el nivel 15 en 0 segundos.
ELBOW completó el nivel 16 en 0 segundos.
ELBOW completó el nivel 17 en 0 segundos.
ELBOW completó el nivel 18 en 0 segundos.
ELBOW completó el nivel 19 en 0,015 segundos.
ELBOW completó el nivel 20 en 0 segundos.
ELBOW completó el nivel 21 en 0,016 segundos.
ELBOW completó el nivel 22 en 0 segundos.
ELBOW completó el nivel 23 en 0,016 segundos.
ELBOW completó el nivel 24 en 0 segundos.
ELBOW completó el nivel 25 en 0 segundos.
ELBOW completó el nivel 26 en 0 segundos.
ELBOW completó el nivel 27 en 0 segundos.
ELBOW completó el nivel 28 en 0 segundos.
ELBOW completó el nivel 29 en 0 segundos.
ELBOW completó el nivel 30 en 0,016 segundos.
ELBOW completó el nivel 31 en 0 segundos.
ELBOW completó el nivel 32 en 0,015 segundos.
ELBOW completó el nivel 33 en 0 segundos.
ELBOW completó el nivel 34 en 0 segundos.
ELBOW completó el nivel 35 en 0 segundos.
ELBOW completó el nivel 36 en 0,016 segundos.
ELBOW completó el nivel 37 en 0 segundos.
ELBOW completó el nivel 38 en 0 segundos.
ELBOW completó el nivel 39 en 0,015 segundos.
ELBOW completó el nivel 40 en 0 segundos.
ELBOW completó el nivel 41 en 0 segundos.
ELBOW completó el nivel 42 en 0,015 segundos.
ELBOW completó el nivel 43 en 0 segundos.
ELBOW completó el nivel 44 en 0 segundos.
SIMBIO completó el nivel 1 en 2,625 segundos.
SIMBIO completó el nivel 2 en 0 segundos.
SIMBIO completó el nivel 3 en 0,015 segundos.
SIMBIO completó el nivel 4 en 0 segundos.
SIMBIO completó el nivel 5 en 0 segundos.
SIMBIO completó el nivel 6 en 0 segundos.
SIMBIO completó el nivel 7 en 0 segundos.
SIMBIO completó el nivel 8 en 0,047 segundos.
SIMBIO completó el nivel 9 en 0,015 segundos.
SIMBIO completó el nivel 10 en 0 segundos.
SIMBIO completó el nivel 11 en 0 segundos.
SIMBIO completó el nivel 12 en 0,016 segundos.
BLACK completó el nivel 1 en 2,344 segundos.
BLACK completó el nivel 2 en 0 segundos.
BLACK completó el nivel 3 en 0 segundos.
BLACK completó el nivel 4 en 0 segundos.
BLACK completó el nivel 5 en 0 segundos.
BLACK completó el nivel 6 en 0 segundos.
BLACK completó el nivel 7 en 0 segundos.
BLACK completó el nivel 8 en 0 segundos.
BLACK completó el nivel 9 en 0 segundos.
BLACK completó el nivel 10 en 0 segundos.
BLACK completó el nivel 11 en 0 segundos.
BLACK completó el nivel 12 en 0 segundos.
BLACK completó el nivel 13 en 0,016 segundos.
BLACK completó el nivel 14 en 0 segundos.
BLACK completó el nivel 15 en 0 segundos.
BLACK completó el nivel 16 en 0 segundos.
BLACK completó el nivel 17 en 0 segundos.
BLACK completó el nivel 18 en 0 segundos.
BLACK completó el nivel 19 en 0 segundos.
BLACK completó el nivel 20 en 0 segundos.
BLACK completó el nivel 21 en 0 segundos.
BLACK completó el nivel 22 en 0 segundos.
BLACK completó el nivel 23 en 0 segundos.
BLACK completó el nivel 24 en 0 segundos.
BLACK completó el nivel 25 en 0 segundos.
BLACK completó el nivel 26 en 0,016 segundos.
BLACK completó el nivel 27 en 0 segundos.
BLACK completó el nivel 28 en 0,016 segundos.
BLACK completó el nivel 29 en 0 segundos.
BLACK completó el nivel 30 en 0 segundos.
BLACK completó el nivel 31 en 0 segundos.
BLACK completó el nivel 32 en 0 segundos.
BLACK completó el nivel 33 en 0,016 segundos.
BLACK completó el nivel 34 en 0 segundos.
BLACK completó el nivel 35 en 0,015 segundos.
BLACK completó el nivel 36 en 0 segundos.
BLACK completó el nivel 37 en 0,016 segundos.
BLACK completó el nivel 38 en 0 segundos.
BLACK completó el nivel 39 en 0,015 segundos.
BLACK completó el nivel 40 en 0 segundos.
BLACK completó el nivel 41 en 0 segundos.
BLACK completó el nivel 42 en 0,016 segundos.
BLACK completó el nivel 43 en 0 segundos.
BLACK completó el nivel 44 en 0,015 segundos.
QWERY completó el nivel 1 en 3,265 segundos.
QWERY completó el nivel 2 en 0 segundos.
QWERY completó el nivel 3 en 0,016 segundos.
QWERY completó el nivel 4 en 0 segundos.
QWERY completó el nivel 5 en 0 segundos.
QWERY completó el nivel 6 en 0 segundos.
QWERY completó el nivel 7 en 0 segundos.
QWERY completó el nivel 8 en 0 segundos.
QWERY completó el nivel 9 en 0 segundos.
QWERY completó el nivel 10 en 0,015 segundos.
QWERY completó el nivel 11 en 0 segundos.
QWERY completó el nivel 12 en 0 segundos.
QWERY completó el nivel 13 en 0 segundos.
QWERY completó el nivel 14 en 0 segundos.
QWERY completó el nivel 15 en 0 segundos.
QWERY completó el nivel 16 en 0 segundos.
QWERY completó el nivel 17 en 0 segundos.
QWERY completó el nivel 18 en 0 segundos.
QWERY completó el nivel 19 en 0,015 segundos.
QWERY completó el nivel 20 en 0 segundos.
QWERY completó el nivel 21 en 0,016 segundos.
QWERY completó el nivel 22 en 0 segundos.
QWERY completó el nivel 23 en 0,016 segundos.
QWERY completó el nivel 24 en 0 segundos.
QWERY completó el nivel 25 en 0,015 segundos.
QWERY completó el nivel 26 en 0 segundos.
QWERY completó el nivel 27 en 0,016 segundos.
QWERY completó el nivel 28 en 0 segundos.
QWERY completó el nivel 29 en 0,016 segundos.
QWERY completó el nivel 30 en 0 segundos.
QWERY completó el nivel 31 en 0,015 segundos.
QWERY completó el nivel 32 en 0 segundos.
QWERY completó el nivel 33 en 0 segundos.
QWERY completó el nivel 34 en 0 segundos.
QWERY completó el nivel 35 en 0 segundos.
QWERY completó el nivel 36 en 0 segundos.
QWERY completó el nivel 37 en 0 segundos.
QWERY completó el nivel 38 en 0 segundos.
QWERY completó el nivel 39 en 0 segundos.
QWERY completó el nivel 40 en 0,015 segundos.
QWERY completó el nivel 41 en 0 segundos.
QWERY completó el nivel 42 en 0,016 segundos.
QWERY completó el nivel 43 en 0 segundos.
QWERY completó el nivel 44 en 0 segundos.
ZOOMSITO completó el nivel 1 en 133,547 segundos.
ZOOMSITO completó el nivel 2 en 0 segundos.
ZOOMSITO completó el nivel 3 en 0 segundos.
ZOOMSITO completó el nivel 4 en 0 segundos.
ZOOMSITO completó el nivel 5 en 0 segundos.
ZOOMSITO completó el nivel 6 en 0 segundos.
ZOOMSITO completó el nivel 7 en 0 segundos.
ZOOMSITO completó el nivel 8 en 0 segundos.
ZOOMSITO completó el nivel 9 en 0 segundos.
ZOOMSITO completó el nivel 10 en 0 segundos.
ZOOMSITO completó el nivel 11 en 0 segundos.
ZOOMSITO completó el nivel 12 en 0,015 segundos.
ZOOMSITO completó el nivel 13 en 0 segundos.
ZOOMSITO completó el nivel 14 en 0 segundos.
ZOOMSITO completó el nivel 15 en 0 segundos.
ZOOMSITO completó el nivel 16 en 0 segundos.
ZOOMSITO completó el nivel 17 en 0 segundos.
ZOOMSITO completó el nivel 18 en 0 segundos.
ZOOMSITO completó el nivel 19 en 0 segundos.
ZOOMSITO completó el nivel 20 en 0 segundos.
ZOOMSITO completó el nivel 21 en 0 segundos.
ZOOMSITO completó el nivel 22 en 0 segundos.
ZOOMSITO completó el nivel 23 en 0 segundos.
ZOOMSITO completó el nivel 24 en 0 segundos.
ZOOMSITO completó el nivel 25 en 0 segundos.
ZOOMSITO completó el nivel 26 en 0 segundos.
ZOOMSITO completó el nivel 27 en 0,016 segundos.
ZOOMSITO completó el nivel 28 en 0 segundos.
ZOOMSITO completó el nivel 29 en 0 segundos.
ZOOMSITO completó el nivel 30 en 0 segundos.
ZOOMSITO completó el nivel 31 en 0 segundos.
ZOOMSITO completó el nivel 32 en 0 segundos.
ZOOMSITO completó el nivel 33 en 0 segundos.
ZOOMSITO completó el nivel 34 en 0 segundos.
ZOOMSITO completó el nivel 35 en 0 segundos.
ZOOMSITO completó el nivel 36 en 0 segundos.
ZOOMSITO completó el nivel 37 en 0 segundos.
ZOOMSITO completó el nivel 38 en 0 segundos.
ZOOMSITO completó el nivel 39 en 0 segundos.
ZOOMSITO completó el nivel 40 en 0 segundos.
ZOOMSITO completó el nivel 41 en 0 segundos.
ZOOMSITO completó el nivel 42 en 0 segundos.
ZOOMSITO completó el nivel 43 en 0,016 segundos.
ZOOMSITO completó el nivel 44 en 0 segundos.
