13/05/2020 12:15:18 a.m. Se conecto con ip:190.178.241.201//
13/05/2020 12:16:07 a.m. Transportó a Rahku hacia Mapa1 X:61 Y:44
13/05/2020 12:16:07 a.m. Transportó a Rahku hacia Mapa1 X:58 Y:48
13/05/2020 12:16:08 a.m. Transportó a Rahku hacia Mapa1 X:54 Y:51
13/05/2020 12:16:08 a.m. Transportó a Rahku hacia Mapa1 X:50 Y:54
13/05/2020 12:16:13 a.m. /CI: 556 Cantidad : 1
13/05/2020 12:16:34 a.m. /INVISIBLE
13/05/2020 12:16:36 a.m. Agarro:1 Objeto:En Honor a Rahku
13/05/2020 12:16:39 a.m. Utilizó un teleport hacia el mapa 197 (50,50)
13/05/2020 12:17:40 a.m. Sumoneó a Araña Gigante en mapa 197
13/05/2020 12:17:56 a.m. /INVISIBLE
13/05/2020 12:17:57 a.m. /INVISIBLE
13/05/2020 12:17:57 a.m. Agarro:3000 Objeto:Monedas de oro
13/05/2020 12:18:29 a.m. Sumoneó a Araña Gigante en mapa 197
13/05/2020 12:19:07 a.m. Agarro:3000 Objeto:Monedas de oro
13/05/2020 12:20:00 a.m. Sumoneo Araña Gigante
13/05/2020 12:20:26 a.m. Transportó a Rahku hacia Mapa197 X:53 Y:41
13/05/2020 12:20:27 a.m. Utilizó un teleport hacia el mapa 1 (51,47)
13/05/2020 12:22:06 a.m. Sumoneo Araña Gigante
13/05/2020 12:22:19 a.m. Sumoneó a Araña Gigante en mapa 1
13/05/2020 12:24:25 a.m. Sumoneo Araña Gigante
13/05/2020 12:24:36 a.m. Transportó a Rahku hacia Mapa1 X:65 Y:42
13/05/2020 12:24:37 a.m. Transportó a Rahku hacia Mapa1 X:71 Y:40
13/05/2020 12:24:38 a.m. Transportó a Rahku hacia Mapa1 X:71 Y:38
13/05/2020 12:24:39 a.m. Transportó a Rahku hacia Mapa1 X:69 Y:44
13/05/2020 12:24:40 a.m. Transportó a Rahku hacia Mapa1 X:63 Y:49
13/05/2020 12:24:40 a.m. Transportó a Rahku hacia Mapa1 X:56 Y:54
13/05/2020 12:24:40 a.m. Transportó a Rahku hacia Mapa1 X:52 Y:58
13/05/2020 12:24:41 a.m. Transportó a Rahku hacia Mapa1 X:55 Y:60
13/05/2020 12:27:38 a.m. Se conecto con ip:190.178.241.201//
13/05/2020 12:27:40 a.m. Transportó a Rahku hacia Mapa1 X:55 Y:59
13/05/2020 12:27:40 a.m. Transportó a Rahku hacia Mapa1 X:55 Y:56
13/05/2020 12:27:40 a.m. Transportó a Rahku hacia Mapa1 X:55 Y:52
13/05/2020 12:27:41 a.m. /INVISIBLE
13/05/2020 12:28:40 a.m. Sumoneó con respawn Esqueleto Guerrero en mapa 1
13/05/2020 12:28:55 a.m. Sumoneó con respawn Araña Gigante en mapa 1
13/05/2020 12:29:21 a.m. /INVISIBLE
13/05/2020 12:29:21 a.m. /INVISIBLE
13/05/2020 12:29:21 a.m. /INVISIBLE
13/05/2020 12:29:22 a.m. /INVISIBLE
13/05/2020 12:29:22 a.m. Agarro:3000 Objeto:Monedas de oro
13/05/2020 12:29:24 a.m. Agarro:225 Objeto:Monedas de oro
13/05/2020 12:29:39 a.m. Sumoneo Araña Gigante
13/05/2020 12:29:39 a.m. Sumoneo Araña Gigante
13/05/2020 12:29:39 a.m. Sumoneo Araña Gigante
13/05/2020 12:29:39 a.m. Sumoneo Araña Gigante
13/05/2020 12:29:39 a.m. Sumoneo Araña Gigante
13/05/2020 12:29:39 a.m. Sumoneo Araña Gigante
13/05/2020 12:29:39 a.m. Sumoneo Araña Gigante
13/05/2020 12:29:39 a.m. Sumoneo Araña Gigante
13/05/2020 12:29:40 a.m. Transportó a Rahku hacia Mapa1 X:65 Y:43
13/05/2020 12:29:40 a.m. Transportó a Rahku hacia Mapa1 X:72 Y:39
13/05/2020 12:29:41 a.m. Transportó a Rahku hacia Mapa1 X:80 Y:35
13/05/2020 12:29:42 a.m. Transportó a Rahku hacia Mapa1 X:77 Y:35
13/05/2020 12:29:43 a.m. Transportó a Rahku hacia Mapa1 X:74 Y:35
13/05/2020 12:29:47 a.m. Transportó a Rahku hacia Mapa1 X:69 Y:39
13/05/2020 12:29:48 a.m. Transportó a Rahku hacia Mapa1 X:63 Y:44
13/05/2020 12:29:48 a.m. Transportó a Rahku hacia Mapa1 X:57 Y:48
13/05/2020 12:31:10 a.m. Sumoneo Araña Gigante
13/05/2020 12:31:10 a.m. Sumoneo Araña Gigante
13/05/2020 12:31:11 a.m. Sumoneo Araña Gigante
13/05/2020 12:31:11 a.m. Sumoneo Araña Gigante
13/05/2020 12:31:11 a.m. Sumoneo Araña Gigante
13/05/2020 12:31:11 a.m. Sumoneo Araña Gigante
13/05/2020 12:31:11 a.m. Sumoneo Araña Gigante
13/05/2020 12:32:37 a.m. Sumoneo Araña Gigante
13/05/2020 12:32:37 a.m. Sumoneo Araña Gigante
13/05/2020 12:32:37 a.m. Sumoneo Araña Gigante
13/05/2020 12:32:37 a.m. Sumoneo Araña Gigante
13/05/2020 12:32:37 a.m. Sumoneo Araña Gigante
13/05/2020 12:32:37 a.m. Sumoneo Araña Gigante
13/05/2020 12:32:38 a.m. Sumoneo Araña Gigante
13/05/2020 12:32:38 a.m. Sumoneo Araña Gigante
13/05/2020 12:32:38 a.m. Sumoneo Araña Gigante
13/05/2020 12:32:38 a.m. Sumoneo Araña Gigante
13/05/2020 12:32:38 a.m. Sumoneo Araña Gigante
13/05/2020 12:32:38 a.m. Sumoneo Araña Gigante
13/05/2020 12:32:38 a.m. Sumoneo Araña Gigante
13/05/2020 12:32:38 a.m. Sumoneo Araña Gigante
13/05/2020 12:32:38 a.m. Sumoneo Araña Gigante
13/05/2020 12:32:38 a.m. Sumoneo Araña Gigante
13/05/2020 12:32:38 a.m. Sumoneo Araña Gigante
13/05/2020 12:32:38 a.m. Sumoneo Araña Gigante
13/05/2020 12:36:01 a.m. /INVISIBLE
13/05/2020 12:39:57 a.m. Sumoneo Araña Gigante
13/05/2020 12:39:57 a.m. Sumoneo Araña Gigante
13/05/2020 12:39:57 a.m. Sumoneo Araña Gigante
13/05/2020 12:39:57 a.m. Sumoneo Araña Gigante
13/05/2020 12:40:05 a.m. Transportó a Rahku hacia Mapa1 X:54 Y:51
13/05/2020 12:40:06 a.m. Transportó a Rahku hacia Mapa1 X:54 Y:51
13/05/2020 12:40:08 a.m. Transportó a Rahku hacia Mapa1 X:58 Y:52
13/05/2020 12:40:09 a.m. Transportó a Rahku hacia Mapa1 X:55 Y:51
13/05/2020 12:40:11 a.m. Agarro:3750 Objeto:Monedas de oro
13/05/2020 12:42:06 a.m. Sumoneo Araña Gigante
13/05/2020 12:43:27 a.m. Sumoneo Araña Gigante
13/05/2020 12:43:30 a.m. Agarro:1500 Objeto:Monedas de oro
13/05/2020 12:43:46 a.m. Agarro:2250 Objeto:Monedas de oro
13/05/2020 12:44:34 a.m. Transportó a Rahku hacia Mapa1 X:58 Y:46
13/05/2020 12:44:42 a.m. Rahku ha hecho un backup.
13/05/2020 12:44:44 a.m. Transportó a Rahku hacia Mapa1 X:61 Y:43
13/05/2020 12:44:46 a.m. Transportó a Rahku hacia Mapa1 X:64 Y:40
13/05/2020 12:44:46 a.m. /INVISIBLE
13/05/2020 12:44:55 a.m. Sumoneo Araña Gigante
13/05/2020 12:45:08 a.m. Agarro:3000 Objeto:Monedas de oro
13/05/2020 12:45:59 a.m. Sumoneo Araña Gigante
13/05/2020 12:46:10 a.m. /INVISIBLE
13/05/2020 12:46:11 a.m. /INVISIBLE
13/05/2020 12:46:12 a.m. Agarro:2625 Objeto:Monedas de oro
13/05/2020 12:46:42 a.m. Sumoneo Araña Gigante
13/05/2020 12:46:55 a.m. /INVISIBLE
13/05/2020 12:46:55 a.m. /INVISIBLE
13/05/2020 12:46:55 a.m. /INVISIBLE
13/05/2020 12:46:56 a.m. /INVISIBLE
13/05/2020 12:46:59 a.m. Agarro:2625 Objeto:Monedas de oro
13/05/2020 12:48:00 a.m. Sumoneo Araña Gigante
13/05/2020 12:49:14 a.m. Sumoneó a Araña Gigante en mapa 1
13/05/2020 12:49:51 a.m. Sumoneó a Araña Gigante en mapa 1
13/05/2020 12:50:37 a.m. Sumoneó a Araña Gigante en mapa 1
13/05/2020 12:51:31 a.m. Sumoneó a Araña Gigante en mapa 1
13/05/2020 12:51:50 a.m. Agarro:2505 Objeto:Monedas de oro
13/05/2020 12:52:06 a.m. Sumoneó a Araña Gigante en mapa 1
13/05/2020 12:52:20 a.m. Agarro:2490 Objeto:Monedas de oro
13/05/2020 12:52:24 a.m. Transportó a Rahku hacia Mapa1 X:57 Y:46
13/05/2020 12:52:25 a.m. Transportó a Rahku hacia Mapa1 X:58 Y:48
13/05/2020 12:52:25 a.m. Transportó a Rahku hacia Mapa1 X:58 Y:51
13/05/2020 12:52:26 a.m. Transportó a Rahku hacia Mapa1 X:54 Y:53
13/05/2020 12:52:26 a.m. Transportó a Rahku hacia Mapa1 X:49 Y:54
13/05/2020 12:52:26 a.m. Transportó a Rahku hacia Mapa1 X:44 Y:54
14/05/2020 11:21:07 p.m. Se conecto con ip:127.0.0.1//
14/05/2020 11:21:10 p.m. /INVISIBLE
14/05/2020 11:21:16 p.m. Transportó a Rahku hacia Mapa1 X:53 Y:51
14/05/2020 11:21:17 p.m. Transportó a Rahku hacia Mapa1 X:60 Y:46
14/05/2020 11:21:18 p.m. Transportó a Rahku hacia Mapa1 X:59 Y:44
14/02/2021 05:02:57 p.m. Se conecto con ip:127.0.0.1//
14/02/2021 05:03:00 p.m. /INVISIBLE
14/02/2021 05:03:02 p.m. Mensaje Broadcast:q
14/02/2021 05:03:06 p.m. Transportó a Rahku hacia Mapa1 X:59 Y:47
14/02/2021 05:03:06 p.m. Transportó a Rahku hacia Mapa1 X:55 Y:48
14/02/2021 05:03:32 p.m. Mensaje Broadcast:q
14/02/2021 05:03:45 p.m. Mensaje a Gms:g
14/02/2021 05:03:50 p.m. Mensaje a Gms:asdasdasda
25/03/2021 02:33:29 p.m. Se conecto con ip:127.0.0.1//
25/03/2021 02:33:32 p.m. /INVISIBLE
25/03/2021 02:36:07 p.m. Transportó a Rahku hacia Mapa1 X:57 Y:49
28/2/2022 19:17:19 Se conecto con ip:127.0.0.1//
28/2/2022 19:17:21 Transportó a rahku hacia Mapa1 X:58 Y:46
28/2/2022 19:17:22 /INVISIBLE
28/2/2022 19:17:22 Transportó a rahku hacia Mapa1 X:57 Y:46
28/2/2022 19:17:23 Transportó a rahku hacia Mapa1 X:55 Y:47
28/2/2022 19:17:23 Transportó a rahku hacia Mapa1 X:54 Y:47
28/2/2022 19:17:23 Transportó a rahku hacia Mapa1 X:55 Y:45
28/2/2022 19:17:24 Transportó a rahku hacia Mapa1 X:57 Y:44
28/2/2022 19:17:34 Sumoneó a Cerdo en mapa 1
28/2/2022 19:17:38 /MATA 
28/2/2022 19:39:39 Se conecto con ip:127.0.0.1//
28/2/2022 19:39:42 /INVISIBLE
28/2/2022 19:39:46 Mensaje a Gms:asd
28/2/2022 19:39:49 Mensaje Broadcast:asd
28/2/2022 19:44:26 /SUM nuevo Map:1 X:58 Y:45
28/2/2022 19:44:46 /INVISIBLE
28/2/2022 19:44:46 /INVISIBLE
28/2/2022 19:45:16 Transportó a rahku hacia Mapa1 X:61 Y:42
28/2/2022 19:45:16 Transportó a rahku hacia Mapa1 X:62 Y:39
28/2/2022 19:45:18 Transportó a rahku hacia Mapa1 X:63 Y:37
28/2/2022 19:45:19 Transportó a rahku hacia Mapa1 X:58 Y:35
28/2/2022 19:45:19 Transportó a rahku hacia Mapa1 X:53 Y:33
28/2/2022 19:45:20 Transportó a rahku hacia Mapa1 X:51 Y:35
28/2/2022 19:45:20 Transportó a rahku hacia Mapa1 X:49 Y:37
28/2/2022 19:45:20 Transportó a rahku hacia Mapa1 X:45 Y:40
28/2/2022 19:45:21 Transportó a rahku hacia Mapa1 X:42 Y:43
28/2/2022 19:45:21 Transportó a rahku hacia Mapa1 X:40 Y:46
28/2/2022 19:45:21 Transportó a rahku hacia Mapa1 X:40 Y:49
28/2/2022 19:45:22 Transportó a rahku hacia Mapa1 X:38 Y:52
28/2/2022 19:45:22 Transportó a rahku hacia Mapa1 X:36 Y:55
28/2/2022 19:45:23 Transportó a rahku hacia Mapa1 X:37 Y:58
28/2/2022 19:45:23 Transportó a rahku hacia Mapa1 X:39 Y:61
28/2/2022 19:45:23 Transportó a rahku hacia Mapa1 X:37 Y:65
28/2/2022 19:45:24 Transportó a rahku hacia Mapa1 X:35 Y:69
28/2/2022 19:45:24 Transportó a rahku hacia Mapa1 X:32 Y:73
28/2/2022 19:45:25 Transportó a rahku hacia Mapa1 X:38 Y:74
28/2/2022 19:45:35 Transportó a rahku hacia Mapa1 X:44 Y:76
28/2/2022 19:45:41 Transportó a rahku hacia Mapa1 X:49 Y:77
28/2/2022 19:45:56 Transportó a rahku hacia Mapa1 X:38 Y:77
28/2/2022 19:46:01 Transportó a rahku hacia Mapa1 X:45 Y:71
28/2/2022 19:46:01 Transportó a rahku hacia Mapa1 X:52 Y:65
28/2/2022 19:46:02 Transportó a rahku hacia Mapa1 X:57 Y:60
28/2/2022 19:46:02 Transportó a rahku hacia Mapa1 X:61 Y:55
28/2/2022 19:46:02 Transportó a rahku hacia Mapa1 X:61 Y:50
28/2/2022 19:46:03 Transportó a rahku hacia Mapa1 X:59 Y:47
28/2/2022 19:46:03 Transportó a rahku hacia Mapa1 X:55 Y:45
28/2/2022 19:46:07 Transportó a rahku hacia Mapa1 X:56 Y:42
28/2/2022 19:46:08 Transportó a rahku hacia Mapa1 X:62 Y:43
28/2/2022 19:46:26 Transportó a rahku hacia Mapa1 X:54 Y:47
28/2/2022 19:46:27 Transportó a rahku hacia Mapa1 X:51 Y:47
28/2/2022 19:46:29 Transportó a rahku hacia Mapa1 X:52 Y:46
22/03/2022 12:44:29 p. m. Se conecto con ip:127.0.0.1//
22/03/2022 12:44:37 p. m. /INVISIBLE
22/03/2022 12:44:57 p. m. Transportó a rahku hacia Mapa1 X:50 Y:51
22/03/2022 12:45:26 p. m. /CI: 1 Cantidad : 1
22/03/2022 12:45:27 p. m. Agarro:1 Objeto:Manzana Roja
22/03/2022 12:47:28 p. m. Transportó a rahku hacia Mapa1 X:52 Y:49
22/03/2022 12:47:29 p. m. Transportó a rahku hacia Mapa1 X:51 Y:53
22/03/2022 12:47:29 p. m. Transportó a rahku hacia Mapa1 X:48 Y:58
22/03/2022 12:47:29 p. m. Transportó a rahku hacia Mapa1 X:45 Y:64
22/03/2022 12:47:29 p. m. Transportó a rahku hacia Mapa1 X:46 Y:67
22/03/2022 12:47:30 p. m. Transportó a rahku hacia Mapa1 X:47 Y:72
22/03/2022 12:47:30 p. m. Transportó a rahku hacia Mapa1 X:48 Y:77
22/03/2022 12:47:30 p. m. Transportó a rahku hacia Mapa1 X:44 Y:78
22/03/2022 12:47:59 p. m. /CI: 1311 Cantidad : -1
22/03/2022 12:48:04 p. m. Agarro:-1 Objeto:Elefante
22/03/2022 12:48:10 p. m. Transportó a rahku hacia Mapa1 X:45 Y:72
22/03/2022 12:48:10 p. m. Transportó a rahku hacia Mapa1 X:50 Y:67
22/03/2022 12:48:10 p. m. Transportó a rahku hacia Mapa1 X:55 Y:61
22/03/2022 12:48:21 p. m. /CI: 1311 Cantidad : 0
22/03/2022 12:48:25 p. m. /CI: 1311 Cantidad : 0
22/03/2022 12:48:30 p. m. /CI: 1311 Cantidad : 0
22/03/2022 12:48:31 p. m. /CI: 1311 Cantidad : 0
22/03/2022 12:48:40 p. m. /CI: 1311 Cantidad : 0
22/03/2022 12:48:41 p. m. /CI: 1311 Cantidad : 0
22/03/2022 12:48:45 p. m. /CI: 1311 Cantidad : 0
22/03/2022 12:48:46 p. m. /CI: 1311 Cantidad : 0
22/03/2022 12:48:50 p. m. /CI: 1311 Cantidad : 0
22/03/2022 12:48:52 p. m. /CI: 1311 Cantidad : 0
22/03/2022 12:51:27 p. m. Miro el trigger en 1,50,48. Era 0
